#
# There is insufficient memory for the Java Runtime Environment to continue.
# Native memory allocation (mmap) failed to map 27787264 bytes for committing reserved memory.
# Possible reasons:
#   The system is out of physical RAM or swap space
#   In 32 bit mode, the process size limit was hit
# Possible solutions:
#   Reduce memory load on the system
#   Increase physical memory or swap space
#   Check if swap backing store is full
#   Use 64 bit Java on a 64 bit OS
#   Decrease Java heap size (-Xmx/-Xms)
#   Decrease number of Java threads
#   Decrease Java thread stack sizes (-Xss)
#   Set larger code cache with -XX:ReservedCodeCacheSize=
# This output file may be truncated or incomplete.
#
#  Out of Memory Error (os_linux.cpp:2643), pid=10024, tid=0x00007fcfa34b2700
#
# JRE version: OpenJDK Runtime Environment (8.0_141-b15) (build 1.8.0_141-8u141-b15-3-b15)
# Java VM: OpenJDK 64-Bit Server VM (25.141-b15 mixed mode linux-amd64 compressed oops)
# Failed to write core dump. Core dumps have been disabled. To enable core dumping, try "ulimit -c unlimited" before starting Java again
#

---------------  T H R E A D  ---------------

Current thread (0x00007fcfcc083800):  VMThread [stack: 0x00007fcfa33b2000,0x00007fcfa34b3000] [id=10040]

Stack: [0x00007fcfa33b2000,0x00007fcfa34b3000],  sp=0x00007fcfa34b14d0,  free space=1021k
Native frames: (J=compiled Java code, j=interpreted, Vv=VM code, C=native code)
V  [libjvm.so+0xa6ea60]  VMError::report_and_die()+0x160
V  [libjvm.so+0x4c792c]  report_vm_out_of_memory(char const*, int, unsigned long, VMErrorType, char const*)+0xac
V  [libjvm.so+0x8bddc0]  os::pd_commit_memory(char*, unsigned long, unsigned long, bool)+0xf0
V  [libjvm.so+0x8b844e]  os::commit_memory(char*, unsigned long, unsigned long, bool)+0x2e
V  [libjvm.so+0x932d1e]  PSVirtualSpace::expand_by(unsigned long)+0x4e
V  [libjvm.so+0x9340a3]  PSYoungGen::resize(unsigned long, unsigned long)+0x103
V  [libjvm.so+0x930693]  PSScavenge::invoke_no_policy()+0x13f3
V  [libjvm.so+0x93099c]  PSScavenge::invoke()+0x4c
V  [libjvm.so+0x8e2553]  ParallelScavengeHeap::failed_mem_allocate(unsigned long)+0x63
V  [libjvm.so+0xa706d2]  VM_ParallelGCFailedAllocation::doit()+0x92
V  [libjvm.so+0xa757e7]  VM_Operation::evaluate()+0x47
V  [libjvm.so+0xa72fe2]  VMThread::evaluate_operation(VM_Operation*) [clone .constprop.30]+0xf2
V  [libjvm.so+0xa743f6]  VMThread::loop()+0x246
V  [libjvm.so+0xa748f1]  VMThread::run()+0x81
V  [libjvm.so+0x8bb352]  java_start(Thread*)+0xf2

VM_Operation (0x00007fcfa182a630): ParallelGCFailedAllocation, mode: safepoint, requested by thread 0x00007fcf5c004000


---------------  P R O C E S S  ---------------

Java Threads: ( => current thread )
  0x00007fcf5c004000 JavaThread "restartedMain" [_thread_blocked, id=10055, stack(0x00007fcfa172e000,0x00007fcfa182f000)]
  0x00007fcfcc7c3000 JavaThread "Thread-1" [_thread_blocked, id=10054, stack(0x00007fcfa182f000,0x00007fcfa1930000)]
  0x00007fcfcc575000 JavaThread "RMI TCP Accept-0" daemon [_thread_in_native, id=10051, stack(0x00007fcfa1c5a000,0x00007fcfa1d5b000)]
  0x00007fcfcc545800 JavaThread "RMI TCP Accept-33699" daemon [_thread_in_native, id=10050, stack(0x00007fcfa1d5b000,0x00007fcfa1e5c000)]
  0x00007fcfcc52e800 JavaThread "RMI TCP Accept-0" daemon [_thread_in_native, id=10049, stack(0x00007fcfa1e5c000,0x00007fcfa1f5d000)]
  0x00007fcfcc0cf800 JavaThread "Service Thread" daemon [_thread_blocked, id=10048, stack(0x00007fcfa285b000,0x00007fcfa295c000)]
  0x00007fcfcc0c2000 JavaThread "C1 CompilerThread3" daemon [_thread_blocked, id=10047, stack(0x00007fcfa295c000,0x00007fcfa2a5d000)]
  0x00007fcfcc0bd800 JavaThread "C2 CompilerThread2" daemon [_thread_blocked, id=10046, stack(0x00007fcfa2a5d000,0x00007fcfa2b5e000)]
  0x00007fcfcc0bc000 JavaThread "C2 CompilerThread1" daemon [_thread_blocked, id=10045, stack(0x00007fcfa2b5e000,0x00007fcfa2c5f000)]
  0x00007fcfcc0b9000 JavaThread "C2 CompilerThread0" daemon [_thread_blocked, id=10044, stack(0x00007fcfa2c5f000,0x00007fcfa2d60000)]
  0x00007fcfcc0b7000 JavaThread "Signal Dispatcher" daemon [_thread_blocked, id=10043, stack(0x00007fcfa2d60000,0x00007fcfa2e61000)]
  0x00007fcfcc08f800 JavaThread "Finalizer" daemon [_thread_blocked, id=10042, stack(0x00007fcfa31b0000,0x00007fcfa32b1000)]
  0x00007fcfcc08b000 JavaThread "Reference Handler" daemon [_thread_blocked, id=10041, stack(0x00007fcfa32b1000,0x00007fcfa33b2000)]
  0x00007fcfcc00e000 JavaThread "main" [_thread_blocked, id=10031, stack(0x00007fcfd2f77000,0x00007fcfd3078000)]

Other Threads:
=>0x00007fcfcc083800 VMThread [stack: 0x00007fcfa33b2000,0x00007fcfa34b3000] [id=10040]
  0x00007fcfcc577800 WatcherThread [stack: 0x00007fcfa1b59000,0x00007fcfa1c5a000] [id=10052]

VM state:at safepoint (normal execution)

VM Mutex/Monitor currently owned by a thread:  ([mutex/lock_event])
[0x00007fcfcc00a270] Threads_lock - owner thread: 0x00007fcfcc083800
[0x00007fcfcc00a770] Heap_lock - owner thread: 0x00007fcf5c004000

Heap:
 PSYoungGen      total 110592K, used 8164K [0x00000000ec000000, 0x00000000f4380000, 0x0000000100000000)
  eden space 102400K, 0% used [0x00000000ec000000,0x00000000ec000000,0x00000000f2400000)
  from space 8192K, 99% used [0x00000000f3380000,0x00000000f3b79118,0x00000000f3b80000)
  to   space 6144K, 0% used [0x00000000f3d80000,0x00000000f3d80000,0x00000000f4380000)
 ParOldGen       total 30720K, used 12149K [0x00000000c4000000, 0x00000000c5e00000, 0x00000000ec000000)
  object space 30720K, 39% used [0x00000000c4000000,0x00000000c4bdd590,0x00000000c5e00000)
 Metaspace       used 25540K, capacity 26540K, committed 26672K, reserved 1073152K
  class space    used 3389K, capacity 3612K, committed 3632K, reserved 1048576K

Card table byte_map: [0x00007fcfbc438000,0x00007fcfbc619000] byte_map_base: 0x00007fcfbbe18000

Marking Bits: (ParMarkBitMap*) 0x00007fcfd22722c0
 Begin Bits: [0x00007fcfb9cf0000, 0x00007fcfbabf0000)
 End Bits:   [0x00007fcfbabf0000, 0x00007fcfbbaf0000)

Polling page: 0x00007fcfd3097000

CodeCache: size=245760Kb used=5574Kb max_used=5574Kb free=240185Kb
 bounds [0x00007fcfbc9d9000, 0x00007fcfbcf59000, 0x00007fcfcb9d9000]
 total_blobs=2999 nmethods=2602 adapters=311
 compilation: enabled

Compilation events (10 events):
Event: 299.192 Thread 0x00007fcfcc0c2000 nmethod 2630 0x00007fcfbcf481d0 code [0x00007fcfbcf48380, 0x00007fcfbcf487f8]
Event: 299.246 Thread 0x00007fcfcc0c2000 2631       1       org.springframework.util.ReflectionUtils$$Lambda$172/1103386165::doWith (11 bytes)
Event: 299.247 Thread 0x00007fcfcc0c2000 nmethod 2631 0x00007fcfbcf48b90 code [0x00007fcfbcf48d00, 0x00007fcfbcf48e48]
Event: 299.277 Thread 0x00007fcfcc0c2000 2632       1       org.springframework.beans.factory.annotation.AutowiredAnnotationBeanPostProcessor$$Lambda$186/1502687327::doWith (13 bytes)
Event: 299.277 Thread 0x00007fcfcc0c2000 nmethod 2632 0x00007fcfbcf48ed0 code [0x00007fcfbcf49040, 0x00007fcfbcf49188]
Event: 299.277 Thread 0x00007fcfcc0c2000 2633   !   1       org.springframework.beans.factory.annotation.AutowiredAnnotationBeanPostProcessor::lambda$determineCandidateConstructors$0 (89 bytes)
Event: 299.284 Thread 0x00007fcfcc0c2000 nmethod 2633 0x00007fcfbcf49250 code [0x00007fcfbcf49480, 0x00007fcfbcf49c08]
Event: 299.340 Thread 0x00007fcfcc0c2000 2634       1       org.springframework.core.BridgeMethodResolver::isBridgedCandidateFor (46 bytes)
Event: 299.434 Thread 0x00007fcfcc0c2000 nmethod 2634 0x00007fcfbcf4a390 code [0x00007fcfbcf4a500, 0x00007fcfbcf4a6d8]
Event: 299.454 Thread 0x00007fcfcc0c2000 2635       1       java.beans.Introspector::addPropertyDescriptor (265 bytes)

GC Heap History (10 events):
Event: 1.306 GC heap after
Heap after GC invocations=5 (full 0):
 PSYoungGen      total 33280K, used 2548K [0x00000000ec000000, 0x00000000f0700000, 0x0000000100000000)
  eden space 30720K, 0% used [0x00000000ec000000,0x00000000ec000000,0x00000000ede00000)
  from space 2560K, 99% used [0x00000000ede00000,0x00000000ee07d290,0x00000000ee080000)
  to   space 5632K, 0% used [0x00000000f0180000,0x00000000f0180000,0x00000000f0700000)
 ParOldGen       total 40960K, used 5358K [0x00000000c4000000, 0x00000000c6800000, 0x00000000ec000000)
  object space 40960K, 13% used [0x00000000c4000000,0x00000000c453baa0,0x00000000c6800000)
 Metaspace       used 14067K, capacity 14516K, committed 14848K, reserved 1062912K
  class space    used 1825K, capacity 1959K, committed 2048K, reserved 1048576K
}
Event: 1.477 GC heap before
{Heap before GC invocations=6 (full 0):
 PSYoungGen      total 33280K, used 33268K [0x00000000ec000000, 0x00000000f0700000, 0x0000000100000000)
  eden space 30720K, 100% used [0x00000000ec000000,0x00000000ede00000,0x00000000ede00000)
  from space 2560K, 99% used [0x00000000ede00000,0x00000000ee07d290,0x00000000ee080000)
  to   space 5632K, 0% used [0x00000000f0180000,0x00000000f0180000,0x00000000f0700000)
 ParOldGen       total 40960K, used 5358K [0x00000000c4000000, 0x00000000c6800000, 0x00000000ec000000)
  object space 40960K, 13% used [0x00000000c4000000,0x00000000c453baa0,0x00000000c6800000)
 Metaspace       used 17044K, capacity 17528K, committed 17792K, reserved 1064960K
  class space    used 2208K, capacity 2341K, committed 2432K, reserved 1048576K
Event: 1.485 GC heap after
Heap after GC invocations=6 (full 0):
 PSYoungGen      total 66048K, used 5603K [0x00000000ec000000, 0x00000000f0900000, 0x0000000100000000)
  eden space 60416K, 0% used [0x00000000ec000000,0x00000000ec000000,0x00000000efb00000)
  from space 5632K, 99% used [0x00000000f0180000,0x00000000f06f8c18,0x00000000f0700000)
  to   space 6656K, 0% used [0x00000000efb00000,0x00000000efb00000,0x00000000f0180000)
 ParOldGen       total 40960K, used 5917K [0x00000000c4000000, 0x00000000c6800000, 0x00000000ec000000)
  object space 40960K, 14% used [0x00000000c4000000,0x00000000c45c7658,0x00000000c6800000)
 Metaspace       used 17044K, capacity 17528K, committed 17792K, reserved 1064960K
  class space    used 2208K, capacity 2341K, committed 2432K, reserved 1048576K
}
Event: 1.664 GC heap before
{Heap before GC invocations=7 (full 0):
 PSYoungGen      total 66048K, used 41173K [0x00000000ec000000, 0x00000000f0900000, 0x0000000100000000)
  eden space 60416K, 58% used [0x00000000ec000000,0x00000000ee2bc8d8,0x00000000efb00000)
  from space 5632K, 99% used [0x00000000f0180000,0x00000000f06f8c18,0x00000000f0700000)
  to   space 6656K, 0% used [0x00000000efb00000,0x00000000efb00000,0x00000000f0180000)
 ParOldGen       total 40960K, used 5917K [0x00000000c4000000, 0x00000000c6800000, 0x00000000ec000000)
  object space 40960K, 14% used [0x00000000c4000000,0x00000000c45c7658,0x00000000c6800000)
 Metaspace       used 20621K, capacity 21198K, committed 21296K, reserved 1067008K
  class space    used 2656K, capacity 2820K, committed 2864K, reserved 1048576K
Event: 1.676 GC heap after
Heap after GC invocations=7 (full 0):
 PSYoungGen      total 67072K, used 6389K [0x00000000ec000000, 0x00000000f4500000, 0x0000000100000000)
  eden space 60416K, 0% used [0x00000000ec000000,0x00000000ec000000,0x00000000efb00000)
  from space 6656K, 95% used [0x00000000efb00000,0x00000000f013d640,0x00000000f0180000)
  to   space 7680K, 0% used [0x00000000f3d80000,0x00000000f3d80000,0x00000000f4500000)
 ParOldGen       total 40960K, used 7515K [0x00000000c4000000, 0x00000000c6800000, 0x00000000ec000000)
  object space 40960K, 18% used [0x00000000c4000000,0x00000000c4756c50,0x00000000c6800000)
 Metaspace       used 20621K, capacity 21198K, committed 21296K, reserved 1067008K
  class space    used 2656K, capacity 2820K, committed 2864K, reserved 1048576K
}
Event: 1.676 GC heap before
{Heap before GC invocations=8 (full 1):
 PSYoungGen      total 67072K, used 6389K [0x00000000ec000000, 0x00000000f4500000, 0x0000000100000000)
  eden space 60416K, 0% used [0x00000000ec000000,0x00000000ec000000,0x00000000efb00000)
  from space 6656K, 95% used [0x00000000efb00000,0x00000000f013d640,0x00000000f0180000)
  to   space 7680K, 0% used [0x00000000f3d80000,0x00000000f3d80000,0x00000000f4500000)
 ParOldGen       total 40960K, used 7515K [0x00000000c4000000, 0x00000000c6800000, 0x00000000ec000000)
  object space 40960K, 18% used [0x00000000c4000000,0x00000000c4756c50,0x00000000c6800000)
 Metaspace       used 20621K, capacity 21198K, committed 21296K, reserved 1067008K
  class space    used 2656K, capacity 2820K, committed 2864K, reserved 1048576K
Event: 1.744 GC heap after
Heap after GC invocations=8 (full 1):
 PSYoungGen      total 67072K, used 0K [0x00000000ec000000, 0x00000000f4500000, 0x0000000100000000)
  eden space 60416K, 0% used [0x00000000ec000000,0x00000000ec000000,0x00000000efb00000)
  from space 6656K, 0% used [0x00000000efb00000,0x00000000efb00000,0x00000000f0180000)
  to   space 7680K, 0% used [0x00000000f3d80000,0x00000000f3d80000,0x00000000f4500000)
 ParOldGen       total 30720K, used 8602K [0x00000000c4000000, 0x00000000c5e00000, 0x00000000ec000000)
  object space 30720K, 28% used [0x00000000c4000000,0x00000000c4866ad0,0x00000000c5e00000)
 Metaspace       used 20621K, capacity 21198K, committed 21296K, reserved 1067008K
  class space    used 2656K, capacity 2820K, committed 2864K, reserved 1048576K
}
Event: 1.988 GC heap before
{Heap before GC invocations=9 (full 1):
 PSYoungGen      total 67072K, used 60409K [0x00000000ec000000, 0x00000000f4500000, 0x0000000100000000)
  eden space 60416K, 99% used [0x00000000ec000000,0x00000000efafe6b0,0x00000000efb00000)
  from space 6656K, 0% used [0x00000000efb00000,0x00000000efb00000,0x00000000f0180000)
  to   space 7680K, 0% used [0x00000000f3d80000,0x00000000f3d80000,0x00000000f4500000)
 ParOldGen       total 30720K, used 8602K [0x00000000c4000000, 0x00000000c5e00000, 0x00000000ec000000)
  object space 30720K, 28% used [0x00000000c4000000,0x00000000c4866ad0,0x00000000c5e00000)
 Metaspace       used 21851K, capacity 22538K, committed 22832K, reserved 1069056K
  class space    used 2854K, capacity 3061K, committed 3120K, reserved 1048576K
Event: 1.993 GC heap after
Heap after GC invocations=9 (full 1):
 PSYoungGen      total 108544K, used 6080K [0x00000000ec000000, 0x00000000f4380000, 0x0000000100000000)
  eden space 102400K, 0% used [0x00000000ec000000,0x00000000ec000000,0x00000000f2400000)
  from space 6144K, 98% used [0x00000000f3d80000,0x00000000f43701a8,0x00000000f4380000)
  to   space 8192K, 0% used [0x00000000f3380000,0x00000000f3380000,0x00000000f3b80000)
 ParOldGen       total 30720K, used 8610K [0x00000000c4000000, 0x00000000c5e00000, 0x00000000ec000000)
  object space 30720K, 28% used [0x00000000c4000000,0x00000000c4868ad0,0x00000000c5e00000)
 Metaspace       used 21851K, capacity 22538K, committed 22832K, reserved 1069056K
  class space    used 2854K, capacity 3061K, committed 3120K, reserved 1048576K
}
Event: 299.475 GC heap before
{Heap before GC invocations=10 (full 1):
 PSYoungGen      total 108544K, used 108480K [0x00000000ec000000, 0x00000000f4380000, 0x0000000100000000)
  eden space 102400K, 100% used [0x00000000ec000000,0x00000000f2400000,0x00000000f2400000)
  from space 6144K, 98% used [0x00000000f3d80000,0x00000000f43701a8,0x00000000f4380000)
  to   space 8192K, 0% used [0x00000000f3380000,0x00000000f3380000,0x00000000f3b80000)
 ParOldGen       total 30720K, used 8610K [0x00000000c4000000, 0x00000000c5e00000, 0x00000000ec000000)
  object space 30720K, 28% used [0x00000000c4000000,0x00000000c4868ad0,0x00000000c5e00000)
 Metaspace       used 25540K, capacity 26540K, committed 26672K, reserved 1073152K
  class space    used 3389K, capacity 3612K, committed 3632K, reserved 1048576K

Deoptimization events (0 events):
No events

Internal exceptions (10 events):
Event: 299.343 Thread 0x00007fcf5c004000 Exception <a 'java/lang/ClassNotFoundException': org/springframework/boot/web/server/WebServerFactoryCustomizerCustomizer> (0x00000000f22fb6c8) thrown at [/build/openjdk-8-qvKKlC/openjdk-8-8u141-b15/src/hotspot/src/share/vm/classfile/systemDictionary.cpp,
Event: 299.347 Thread 0x00007fcf5c004000 Exception <a 'java/lang/ClassNotFoundException': org/springframework/core/OrderedCustomizer> (0x00000000f230e118) thrown at [/build/openjdk-8-qvKKlC/openjdk-8-8u141-b15/src/hotspot/src/share/vm/classfile/systemDictionary.cpp, line 210]
Event: 299.391 Thread 0x00007fcf5c004000 Exception <a 'java/lang/ClassNotFoundException': java/lang/ObjectCustomizer> (0x00000000f2334ce0) thrown at [/build/openjdk-8-qvKKlC/openjdk-8-8u141-b15/src/hotspot/src/share/vm/classfile/systemDictionary.cpp, line 210]
Event: 299.391 Thread 0x00007fcf5c004000 Exception <a 'java/lang/ClassNotFoundException': org/springframework/boot/autoconfigure/http/HttpEncodingPropertiesCustomizer> (0x00000000f2354718) thrown at [/build/openjdk-8-qvKKlC/openjdk-8-8u141-b15/src/hotspot/src/share/vm/classfile/systemDictionary.
Event: 299.391 Thread 0x00007fcf5c004000 Exception <a 'java/lang/ArrayIndexOutOfBoundsException'> (0x00000000f2357d98) thrown at [/build/openjdk-8-qvKKlC/openjdk-8-8u141-b15/src/hotspot/src/share/vm/runtime/sharedRuntime.cpp, line 605]
Event: 299.391 Thread 0x00007fcf5c004000 Exception <a 'java/lang/ArrayIndexOutOfBoundsException'> (0x00000000f235b4c8) thrown at [/build/openjdk-8-qvKKlC/openjdk-8-8u141-b15/src/hotspot/src/share/vm/runtime/sharedRuntime.cpp, line 605]
Event: 299.397 Thread 0x00007fcf5c004000 Exception <a 'java/lang/ClassNotFoundException': java/lang/ObjectCustomizer> (0x00000000f237a9a0) thrown at [/build/openjdk-8-qvKKlC/openjdk-8-8u141-b15/src/hotspot/src/share/vm/classfile/systemDictionary.cpp, line 210]
Event: 299.397 Thread 0x00007fcf5c004000 Exception <a 'java/lang/ClassNotFoundException': org/springframework/boot/autoconfigure/web/servlet/HttpEncodingAutoConfigurationCustomizer> (0x00000000f239d5e8) thrown at [/build/openjdk-8-qvKKlC/openjdk-8-8u141-b15/src/hotspot/src/share/vm/classfile/sys
Event: 299.398 Thread 0x00007fcf5c004000 Exception <a 'java/lang/ClassNotFoundException': org/springframework/boot/autoconfigure/web/servlet/HttpEncodingAutoConfiguration$$EnhancerBySpringCGLIB$$765f0bb2Customizer> (0x00000000f23c79f0) thrown at [/build/openjdk-8-qvKKlC/openjdk-8-8u141-b15/src/h
Event: 299.398 Thread 0x00007fcf5c004000 Exception <a 'java/lang/ClassNotFoundException': org/springframework/context/annotation/ConfigurationClassEnhancer$EnhancedConfigurationCustomizer> (0x00000000f23f17e0) thrown at [/build/openjdk-8-qvKKlC/openjdk-8-8u141-b15/src/hotspot/src/share/vm/classf

Events (10 events):
Event: 299.398 loading class org/springframework/boot/autoconfigure/web/servlet/HttpEncodingAutoConfiguration$$EnhancerBySpringCGLIB$$765f0bb2Customizer done
Event: 299.398 loading class org/springframework/boot/autoconfigure/web/servlet/HttpEncodingAutoConfiguration$$EnhancerBySpringCGLIB$$765f0bb2Customizer
Event: 299.398 loading class org/springframework/boot/autoconfigure/web/servlet/HttpEncodingAutoConfiguration$$EnhancerBySpringCGLIB$$765f0bb2Customizer done
Event: 299.398 loading class org/springframework/context/annotation/ConfigurationClassEnhancer$EnhancedConfigurationCustomizer
Event: 299.398 loading class org/springframework/context/annotation/ConfigurationClassEnhancer$EnhancedConfigurationCustomizer done
Event: 299.398 loading class org/springframework/context/annotation/ConfigurationClassEnhancer$EnhancedConfigurationCustomizer
Event: 299.398 loading class org/springframework/context/annotation/ConfigurationClassEnhancer$EnhancedConfigurationCustomizer done
Event: 299.398 loading class org/springframework/context/annotation/ConfigurationClassEnhancer$EnhancedConfigurationCustomizer
Event: 299.398 loading class org/springframework/context/annotation/ConfigurationClassEnhancer$EnhancedConfigurationCustomizer done
Event: 299.435 Executing VM operation: ParallelGCFailedAllocation


Dynamic libraries:
c4000000-c5e00000 rw-p 00000000 00:00 0 
c5e00000-ec000000 ---p 00000000 00:00 0 
ec000000-f4380000 rw-p 00000000 00:00 0 
f5e00000-100000000 ---p 00000000 00:00 0 
100000000-10038c000 rw-p 00000000 00:00 0 
10038c000-140000000 ---p 00000000 00:00 0 
55fc596e6000-55fc596e7000 r-xp 00000000 08:11 2244282                    /usr/lib/jvm/java-8-openjdk-amd64/jre/bin/java
55fc598e6000-55fc598e7000 r--p 00000000 08:11 2244282                    /usr/lib/jvm/java-8-openjdk-amd64/jre/bin/java
55fc598e7000-55fc598e8000 rw-p 00001000 08:11 2244282                    /usr/lib/jvm/java-8-openjdk-amd64/jre/bin/java
55fc5a1af000-55fc5a1d0000 rw-p 00000000 00:00 0                          [heap]
7fcf48000000-7fcf48021000 rw-p 00000000 00:00 0 
7fcf48021000-7fcf4c000000 ---p 00000000 00:00 0 
7fcf50000000-7fcf5041c000 rw-p 00000000 00:00 0 
7fcf5041c000-7fcf54000000 ---p 00000000 00:00 0 
7fcf54000000-7fcf542c6000 rw-p 00000000 00:00 0 
7fcf542c6000-7fcf58000000 ---p 00000000 00:00 0 
7fcf58000000-7fcf58021000 rw-p 00000000 00:00 0 
7fcf58021000-7fcf5c000000 ---p 00000000 00:00 0 
7fcf5c000000-7fcf5c021000 rw-p 00000000 00:00 0 
7fcf5c021000-7fcf60000000 ---p 00000000 00:00 0 
7fcf60000000-7fcf60021000 rw-p 00000000 00:00 0 
7fcf60021000-7fcf64000000 ---p 00000000 00:00 0 
7fcf64000000-7fcf64021000 rw-p 00000000 00:00 0 
7fcf64021000-7fcf68000000 ---p 00000000 00:00 0 
7fcf68000000-7fcf68021000 rw-p 00000000 00:00 0 
7fcf68021000-7fcf6c000000 ---p 00000000 00:00 0 
7fcf6c000000-7fcf6c021000 rw-p 00000000 00:00 0 
7fcf6c021000-7fcf70000000 ---p 00000000 00:00 0 
7fcf70fff000-7fcf74000000 rw-p 00000000 00:00 0 
7fcf74000000-7fcf74021000 rw-p 00000000 00:00 0 
7fcf74021000-7fcf78000000 ---p 00000000 00:00 0 
7fcf78000000-7fcf7871b000 rw-p 00000000 00:00 0 
7fcf7871b000-7fcf7c000000 ---p 00000000 00:00 0 
7fcf7c000000-7fcf7c04e000 rw-p 00000000 00:00 0 
7fcf7c04e000-7fcf80000000 ---p 00000000 00:00 0 
7fcf80000000-7fcf80021000 rw-p 00000000 00:00 0 
7fcf80021000-7fcf84000000 ---p 00000000 00:00 0 
7fcf84000000-7fcf84021000 rw-p 00000000 00:00 0 
7fcf84021000-7fcf88000000 ---p 00000000 00:00 0 
7fcf88000000-7fcf88021000 rw-p 00000000 00:00 0 
7fcf88021000-7fcf8c000000 ---p 00000000 00:00 0 
7fcf8c000000-7fcf8c278000 rw-p 00000000 00:00 0 
7fcf8c278000-7fcf90000000 ---p 00000000 00:00 0 
7fcf90000000-7fcf90021000 rw-p 00000000 00:00 0 
7fcf90021000-7fcf94000000 ---p 00000000 00:00 0 
7fcf94000000-7fcf94021000 rw-p 00000000 00:00 0 
7fcf94021000-7fcf98000000 ---p 00000000 00:00 0 
7fcf98000000-7fcf98021000 rw-p 00000000 00:00 0 
7fcf98021000-7fcf9c000000 ---p 00000000 00:00 0 
7fcf9c000000-7fcf9c021000 rw-p 00000000 00:00 0 
7fcf9c021000-7fcfa0000000 ---p 00000000 00:00 0 
7fcfa0727000-7fcfa07a7000 rw-p 00000000 00:00 0 
7fcfa07a7000-7fcfa0927000 ---p 00000000 00:00 0 
7fcfa0927000-7fcfa0b27000 rw-p 00000000 00:00 0 
7fcfa0b27000-7fcfa0b2c000 r--s 002f9000 08:11 2244332                    /usr/lib/jvm/java-8-openjdk-amd64/jre/lib/charsets.jar
7fcfa0b2c000-7fcfa0d2c000 rw-p 00000000 00:00 0 
7fcfa0d2c000-7fcfa0d2f000 ---p 00000000 00:00 0 
7fcfa0d2f000-7fcfa102d000 rw-p 00000000 00:00 0 
7fcfa102d000-7fcfa122d000 rw-p 00000000 00:00 0 
7fcfa122d000-7fcfa142d000 rw-p 00000000 00:00 0 
7fcfa142d000-7fcfa162d000 rw-p 00000000 00:00 0 
7fcfa162d000-7fcfa1630000 ---p 00000000 00:00 0 
7fcfa1630000-7fcfa172e000 rw-p 00000000 00:00 0 
7fcfa172e000-7fcfa1731000 ---p 00000000 00:00 0 
7fcfa1731000-7fcfa182f000 rw-p 00000000 00:00 0 
7fcfa182f000-7fcfa1832000 ---p 00000000 00:00 0 
7fcfa1832000-7fcfa1b30000 rw-p 00000000 00:00 0 
7fcfa1b30000-7fcfa1b37000 r--s 00000000 08:11 2492045                    /usr/lib/x86_64-linux-gnu/gconv/gconv-modules.cache
7fcfa1b37000-7fcfa1b59000 r--p 00000000 08:11 533203                     /usr/share/locale/zh_CN/LC_MESSAGES/libc.mo
7fcfa1b59000-7fcfa1b5a000 ---p 00000000 00:00 0 
7fcfa1b5a000-7fcfa1c5a000 rw-p 00000000 00:00 0 
7fcfa1c5a000-7fcfa1c5d000 ---p 00000000 00:00 0 
7fcfa1c5d000-7fcfa1d5b000 rw-p 00000000 00:00 0 
7fcfa1d5b000-7fcfa1d5e000 ---p 00000000 00:00 0 
7fcfa1d5e000-7fcfa1e5c000 rw-p 00000000 00:00 0 
7fcfa1e5c000-7fcfa1e5f000 ---p 00000000 00:00 0 
7fcfa1e5f000-7fcfa1f5d000 rw-p 00000000 00:00 0 
7fcfa1f5d000-7fcfa1f62000 r--s 0009a000 08:11 2244365                    /usr/lib/jvm/java-8-openjdk-amd64/jre/lib/jsse.jar
7fcfa1f62000-7fcfa1f64000 r--s 00004000 08:11 2102469                    /home/statham/.m2/repository/org/springframework/spring-jcl/5.0.6.RELEASE/spring-jcl-5.0.6.RELEASE.jar
7fcfa1f64000-7fcfa1f7c000 r--s 00114000 08:11 2102465                    /home/statham/.m2/repository/org/springframework/spring-core/5.0.6.RELEASE/spring-core-5.0.6.RELEASE.jar
7fcfa1f7c000-7fcfa1f86000 r--s 000ec000 08:11 2103333                    /home/statham/.m2/repository/mysql/mysql-connector-java/5.1.46/mysql-connector-java-5.1.46.jar
7fcfa1f86000-7fcfa1f88000 r--s 0000a000 08:11 2103466                    /home/statham/.m2/repository/org/springframework/spring-aspects/5.0.6.RELEASE/spring-aspects-5.0.6.RELEASE.jar
7fcfa1f88000-7fcfa1f90000 r--s 00037000 08:11 2103464                    /home/statham/.m2/repository/org/springframework/spring-tx/5.0.6.RELEASE/spring-tx-5.0.6.RELEASE.jar
7fcfa1f90000-7fcfa1f94000 r--s 0002b000 08:11 2103462                    /home/statham/.m2/repository/org/springframework/spring-orm/5.0.6.RELEASE/spring-orm-5.0.6.RELEASE.jar
7fcfa1f94000-7fcfa1fab000 r--s 000f0000 08:11 2103460                    /home/statham/.m2/repository/org/springframework/data/spring-data-commons/2.0.7.RELEASE/spring-data-commons-2.0.7.RELEASE.jar
7fcfa1fab000-7fcfa1fb2000 r--s 0004b000 08:11 2103458                    /home/statham/.m2/repository/org/springframework/data/spring-data-jpa/2.0.7.RELEASE/spring-data-jpa-2.0.7.RELEASE.jar
7fcfa1fb2000-7fcfa1fb4000 r--s 00006000 08:11 2103456                    /home/statham/.m2/repository/javax/transaction/javax.transaction-api/1.2/javax.transaction-api-1.2.jar
7fcfa1fb4000-7fcfa1fb7000 r--s 00010000 08:11 2103454                    /home/statham/.m2/repository/org/hibernate/common/hibernate-commons-annotations/5.0.1.Final/hibernate-commons-annotations-5.0.1.Final.jar
7fcfa1fb7000-7fcfa1fbc000 r--s 00048000 08:11 2501035                    /home/statham/.m2/repository/dom4j/dom4j/1.6.1/dom4j-1.6.1.jar
7fcfa1fbc000-7fcfa1fbf000 r--s 0002b000 08:11 2103452                    /home/statham/.m2/repository/org/jboss/jandex/2.0.3.Final/jandex-2.0.3.Final.jar
7fcfa1fbf000-7fcfa1fc4000 r--s 00068000 08:11 2628300                    /home/statham/.m2/repository/antlr/antlr/2.7.7/antlr-2.7.7.jar
7fcfa1fc4000-7fcfa1fce000 r--s 000ab000 08:11 2103450                    /home/statham/.m2/repository/org/javassist/javassist/3.22.0-GA/javassist-3.22.0-GA.jar
7fcfa1fce000-7fcfa1fd3000 r--s 00017000 08:11 2103448                    /home/statham/.m2/repository/org/hibernate/javax/persistence/hibernate-jpa-2.1-api/1.0.0.Final/hibernate-jpa-2.1-api-1.0.0.Final.jar
7fcfa1fd3000-7fcfa2051000 r--s 005f0000 08:11 2103446                    /home/statham/.m2/repository/org/hibernate/hibernate-core/5.2.17.Final/hibernate-core-5.2.17.Final.jar
7fcfa2051000-7fcfa205a000 r--s 00059000 08:11 2103444                    /home/statham/.m2/repository/org/springframework/spring-jdbc/5.0.6.RELEASE/spring-jdbc-5.0.6.RELEASE.jar
7fcfa205a000-7fcfa205e000 r--s 00020000 08:11 2103442                    /home/statham/.m2/repository/com/zaxxer/HikariCP/2.7.9/HikariCP-2.7.9.jar
7fcfa205e000-7fcfa205f000 r--s 00000000 08:11 2103440                    /home/statham/.m2/repository/org/springframework/boot/spring-boot-starter-jdbc/2.0.2.RELEASE/spring-boot-starter-jdbc-2.0.2.RELEASE.jar
7fcfa205f000-7fcfa2078000 r--s 001bf000 08:11 2103438                    /home/statham/.m2/repository/org/aspectj/aspectjweaver/1.8.13/aspectjweaver-1.8.13.jar
7fcfa2078000-7fcfa2079000 r--s 00000000 08:11 2103436                    /home/statham/.m2/repository/org/springframework/boot/spring-boot-starter-aop/2.0.2.RELEASE/spring-boot-starter-aop-2.0.2.RELEASE.jar
7fcfa2079000-7fcfa207a000 r--s 00000000 08:11 2103434                    /home/statham/.m2/repository/org/springframework/boot/spring-boot-starter-data-jpa/2.0.2.RELEASE/spring-boot-starter-data-jpa-2.0.2.RELEASE.jar
7fcfa207a000-7fcfa209b000 r--s 000fb000 08:11 2102441                    /home/statham/.m2/repository/org/springframework/boot/spring-boot-autoconfigure/2.0.2.RELEASE/spring-boot-autoconfigure-2.0.2.RELEASE.jar
7fcfa209b000-7fcfa20b0000 r--s 000ce000 08:11 2102371                    /home/statham/.m2/repository/org/springframework/boot/spring-boot/2.0.2.RELEASE/spring-boot-2.0.2.RELEASE.jar
7fcfa20b0000-7fcfa20b6000 r--s 0002d000 08:11 2103331                    /home/statham/.m2/repository/org/springframework/boot/spring-boot-devtools/2.0.2.RELEASE/spring-boot-devtools-2.0.2.RELEASE.jar
7fcfa20b6000-7fcfa20bb000 r--s 00040000 08:11 2102398                    /home/statham/.m2/repository/org/springframework/spring-expression/5.0.6.RELEASE/spring-expression-5.0.6.RELEASE.jar
7fcfa20bb000-7fcfa20d5000 r--s 000f1000 08:11 2102427                    /home/statham/.m2/repository/org/springframework/spring-context/5.0.6.RELEASE/spring-context-5.0.6.RELEASE.jar
7fcfa20d5000-7fcfa20de000 r--s 00051000 08:11 2102430                    /home/statham/.m2/repository/org/springframework/spring-aop/5.0.6.RELEASE/spring-aop-5.0.6.RELEASE.jar
7fcfa20de000-7fcfa20ed000 r--s 000b2000 08:11 2102416                    /home/statham/.m2/repository/org/springframework/spring-webmvc/5.0.6.RELEASE/spring-webmvc-5.0.6.RELEASE.jar
7fcfa20ed000-7fcfa20f9000 r--s 00096000 08:11 2102426                    /home/statham/.m2/repository/org/springframework/spring-beans/5.0.6.RELEASE/spring-beans-5.0.6.RELEASE.jar
7fcfa20f9000-7fcfa2113000 r--s 00119000 08:11 2102392                    /home/statham/.m2/repository/org/springframework/spring-web/5.0.6.RELEASE/spring-web-5.0.6.RELEASE.jar
7fcfa2113000-7fcfa2115000 r--s 0000e000 08:11 2102420                    /home/statham/.m2/repository/com/fasterxml/classmate/1.3.4/classmate-1.3.4.jar
7fcfa2115000-7fcfa2117000 r--s 0000f000 08:11 2102417                    /home/statham/.m2/repository/org/jboss/logging/jboss-logging/3.3.2.Final/jboss-logging-3.3.2.Final.jar
7fcfa2117000-7fcfa211c000 r--s 00012000 08:11 2102415                    /home/statham/.m2/repository/javax/validation/validation-api/2.0.1.Final/validation-api-2.0.1.Final.jar
7fcfa211c000-7fcfa2139000 r--s 000f8000 08:11 2102414                    /home/statham/.m2/repository/org/hibernate/validator/hibernate-validator/6.0.9.Final/hibernate-validator-6.0.9.Final.jar
7fcfa2139000-7fcfa213e000 r--s 0003a000 08:11 2102410                    /home/statham/.m2/repository/org/apache/tomcat/embed/tomcat-embed-websocket/8.5.31/tomcat-embed-websocket-8.5.31.jar
7fcfa213e000-7fcfa2142000 r--s 00037000 08:11 2102389                    /home/statham/.m2/repository/org/apache/tomcat/embed/tomcat-embed-el/8.5.31/tomcat-embed-el-8.5.31.jar
7fcfa2142000-7fcfa216b000 r--s 002d0000 08:11 2102387                    /home/statham/.m2/repository/org/apache/tomcat/embed/tomcat-embed-core/8.5.31/tomcat-embed-core-8.5.31.jar
7fcfa216b000-7fcfa216c000 r--s 00000000 08:11 2102399                    /home/statham/.m2/repository/org/springframework/boot/spring-boot-starter-tomcat/2.0.2.RELEASE/spring-boot-starter-tomcat-2.0.2.RELEASE.jar
7fcfa216c000-7fcfa216e000 r--s 00001000 08:11 2102365                    /home/statham/.m2/repository/com/fasterxml/jackson/module/jackson-module-parameter-names/2.9.5/jackson-module-parameter-names-2.9.5.jar
7fcfa216e000-7fcfa2171000 r--s 00016000 08:11 2102406                    /home/statham/.m2/repository/com/fasterxml/jackson/datatype/jackson-datatype-jsr310/2.9.5/jackson-datatype-jsr310-2.9.5.jar
7fcfa2171000-7fcfa2173000 r--s 00007000 08:11 2102401                    /home/statham/.m2/repository/com/fasterxml/jackson/datatype/jackson-datatype-jdk8/2.9.5/jackson-datatype-jdk8-2.9.5.jar
7fcfa2173000-7fcfa2177000 r--s 0004b000 08:11 2102368                    /home/statham/.m2/repository/com/fasterxml/jackson/core/jackson-core/2.9.5/jackson-core-2.9.5.jar
7fcfa2177000-7fcfa217a000 r--s 0000e000 08:11 2102397                    /home/statham/.m2/repository/com/fasterxml/jackson/core/jackson-annotations/2.9.0/jackson-annotations-2.9.0.jar
7fcfa217a000-7fcfa218d000 r--s 00135000 08:11 2102396                    /home/statham/.m2/repository/com/fasterxml/jackson/core/jackson-databind/2.9.5/jackson-databind-2.9.5.jar
7fcfa218d000-7fcfa218e000 r--s 00000000 08:11 2102391                    /home/statham/.m2/repository/org/springframework/boot/spring-boot-starter-json/2.0.2.RELEASE/spring-boot-starter-json-2.0.2.RELEASE.jar
7fcfa218e000-7fcfa218f000 r--s 00000000 08:11 2102363                    /home/statham/.m2/repository/org/springframework/boot/spring-boot-starter-web/2.0.2.RELEASE/spring-boot-starter-web-2.0.2.RELEASE.jar
7fcfa218f000-7fcfa2198000 r--s 0002d000 08:11 2501041                    /home/statham/.m2/repository/xml-apis/xml-apis/1.4.01/xml-apis-1.4.01.jar
7fcfa2198000-7fcfa21b1000 r--s 00135000 08:11 2628306                    /home/statham/.m2/repository/xerces/xercesImpl/2.11.0/xercesImpl-2.11.0.jar
7fcfa21b1000-7fcfa21b3000 r--s 0001d000 08:11 2103480                    /home/statham/.m2/repository/net/sourceforge/nekohtml/nekohtml/1.9.22/nekohtml-1.9.22.jar
7fcfa21b3000-7fcfa21b5000 r--s 00009000 08:11 2102394                    /home/statham/.m2/repository/org/slf4j/slf4j-api/1.7.25/slf4j-api-1.7.25.jar
7fcfa21b5000-7fcfa21b8000 r--s 00026000 08:11 2103162                    /home/statham/.m2/repository/org/unbescape/unbescape/1.1.5.RELEASE/unbescape-1.1.5.RELEASE.jar
7fcfa21b8000-7fcfa21bc000 r--s 00035000 08:11 2103166                    /home/statham/.m2/repository/org/attoparser/attoparser/2.0.4.RELEASE/attoparser-2.0.4.RELEASE.jar
7fcfa21bc000-7fcfa21cc000 r--s 000c5000 08:11 2103168                    /home/statham/.m2/repository/org/thymeleaf/thymeleaf/3.0.9.RELEASE/thymeleaf-3.0.9.RELEASE.jar
7fcfa21cc000-7fcfa21d0000 r--s 00027000 08:11 2103164                    /home/statham/.m2/repository/org/thymeleaf/thymeleaf-spring5/3.0.9.RELEASE/thymeleaf-spring5-3.0.9.RELEASE.jar
7fcfa21d0000-7fcfa21d7000 r--s 00042000 08:11 2102390                    /home/statham/.m2/repository/org/yaml/snakeyaml/1.19/snakeyaml-1.19.jar
7fcfa21d7000-7fcfa21d9000 r--s 00005000 08:11 2102405                    /home/statham/.m2/repository/javax/annotation/javax.annotation-api/1.3.2/javax.annotation-api-1.3.2.jar
7fcfa21d9000-7fcfa21df000 r--s 00039000 08:11 2102382                    /home/statham/.m2/repository/org/apache/logging/log4j/log4j-api/2.10.0/log4j-api-2.10.0.jar
7fcfa21df000-7fcfa21ea000 r--s 00069000 08:11 2102377                    /home/statham/.m2/repository/ch/qos/logback/logback-core/1.2.3/logback-core-1.2.3.jar
7fcfa21ea000-7fcfa21f0000 r--s 00041000 08:11 2102373                    /home/statham/.m2/repository/ch/qos/logback/logback-classic/1.2.3/logback-classic-1.2.3.jar
7fcfa21f0000-7fcfa220b000 r--s 00394000 08:11 2244342                    /usr/lib/jvm/java-8-openjdk-amd64/jre/lib/ext/cldrdata.jar
7fcfa220b000-7fcfa2226000 r--s 001d6000 08:11 2244347                    /usr/lib/jvm/java-8-openjdk-amd64/jre/lib/ext/nashorn.jar
7fcfa2226000-7fcfa2237000 r-xp 00000000 08:11 2244321                    /usr/lib/jvm/java-8-openjdk-amd64/jre/lib/amd64/libnio.so
7fcfa2237000-7fcfa2437000 ---p 00011000 08:11 2244321                    /usr/lib/jvm/java-8-openjdk-amd64/jre/lib/amd64/libnio.so
7fcfa2437000-7fcfa2438000 r--p 00011000 08:11 2244321                    /usr/lib/jvm/java-8-openjdk-amd64/jre/lib/amd64/libnio.so
7fcfa2438000-7fcfa2439000 rw-p 00012000 08:11 2244321                    /usr/lib/jvm/java-8-openjdk-amd64/jre/lib/amd64/libnio.so
7fcfa2439000-7fcfa2450000 r-xp 00000000 08:11 2244320                    /usr/lib/jvm/java-8-openjdk-amd64/jre/lib/amd64/libnet.so
7fcfa2450000-7fcfa264f000 ---p 00017000 08:11 2244320                    /usr/lib/jvm/java-8-openjdk-amd64/jre/lib/amd64/libnet.so
7fcfa264f000-7fcfa2650000 r--p 00016000 08:11 2244320                    /usr/lib/jvm/java-8-openjdk-amd64/jre/lib/amd64/libnet.so
7fcfa2650000-7fcfa2651000 rw-p 00017000 08:11 2244320                    /usr/lib/jvm/java-8-openjdk-amd64/jre/lib/amd64/libnet.so
7fcfa2651000-7fcfa265a000 r-xp 00000000 08:11 2244318                    /usr/lib/jvm/java-8-openjdk-amd64/jre/lib/amd64/libmanagement.so
7fcfa265a000-7fcfa2859000 ---p 00009000 08:11 2244318                    /usr/lib/jvm/java-8-openjdk-amd64/jre/lib/amd64/libmanagement.so
7fcfa2859000-7fcfa285a000 r--p 00008000 08:11 2244318                    /usr/lib/jvm/java-8-openjdk-amd64/jre/lib/amd64/libmanagement.so
7fcfa285a000-7fcfa285b000 rw-p 00009000 08:11 2244318                    /usr/lib/jvm/java-8-openjdk-amd64/jre/lib/amd64/libmanagement.so
7fcfa285b000-7fcfa285e000 ---p 00000000 00:00 0 
7fcfa285e000-7fcfa295c000 rw-p 00000000 00:00 0 
7fcfa295c000-7fcfa295f000 ---p 00000000 00:00 0 
7fcfa295f000-7fcfa2a5d000 rw-p 00000000 00:00 0 
7fcfa2a5d000-7fcfa2a60000 ---p 00000000 00:00 0 
7fcfa2a60000-7fcfa2b5e000 rw-p 00000000 00:00 0 
7fcfa2b5e000-7fcfa2b61000 ---p 00000000 00:00 0 
7fcfa2b61000-7fcfa2c5f000 rw-p 00000000 00:00 0 
7fcfa2c5f000-7fcfa2c62000 ---p 00000000 00:00 0 
7fcfa2c62000-7fcfa2d60000 rw-p 00000000 00:00 0 
7fcfa2d60000-7fcfa2d63000 ---p 00000000 00:00 0 
7fcfa2d63000-7fcfa2e61000 rw-p 00000000 00:00 0 
7fcfa2e61000-7fcfa31b0000 r--p 00000000 08:11 2234076                    /usr/lib/locale/locale-archive
7fcfa31b0000-7fcfa31b3000 ---p 00000000 00:00 0 
7fcfa31b3000-7fcfa32b1000 rw-p 00000000 00:00 0 
7fcfa32b1000-7fcfa32b4000 ---p 00000000 00:00 0 
7fcfa32b4000-7fcfa33b2000 rw-p 00000000 00:00 0 
7fcfa33b2000-7fcfa33b3000 ---p 00000000 00:00 0 
7fcfa33b3000-7fcfa4000000 rw-p 00000000 00:00 0 
7fcfa4000000-7fcfa4021000 rw-p 00000000 00:00 0 
7fcfa4021000-7fcfa8000000 ---p 00000000 00:00 0 
7fcfa8000000-7fcfa8021000 rw-p 00000000 00:00 0 
7fcfa8021000-7fcfac000000 ---p 00000000 00:00 0 
7fcfac000000-7fcfac021000 rw-p 00000000 00:00 0 
7fcfac021000-7fcfb0000000 ---p 00000000 00:00 0 
7fcfb0000000-7fcfb0021000 rw-p 00000000 00:00 0 
7fcfb0021000-7fcfb4000000 ---p 00000000 00:00 0 
7fcfb4000000-7fcfb4021000 rw-p 00000000 00:00 0 
7fcfb4021000-7fcfb8000000 ---p 00000000 00:00 0 
7fcfb8000000-7fcfb8002000 r--s 00000000 08:11 2102383                    /home/statham/.m2/repository/org/slf4j/jul-to-slf4j/1.7.25/jul-to-slf4j-1.7.25.jar
7fcfb8002000-7fcfb8004000 r--s 00003000 08:11 2102379                    /home/statham/.m2/repository/org/apache/logging/log4j/log4j-to-slf4j/2.10.0/log4j-to-slf4j-2.10.0.jar
7fcfb8004000-7fcfb800e000 r--s 00116000 08:11 2244346                    /usr/lib/jvm/java-8-openjdk-amd64/jre/lib/ext/localedata.jar
7fcfb800e000-7fcfb8013000 r--s 0003b000 08:11 2244349                    /usr/lib/jvm/java-8-openjdk-amd64/jre/lib/ext/sunjce_provider.jar
7fcfb8013000-7fcfb8017000 r--s 00037000 08:11 2244350                    /usr/lib/jvm/java-8-openjdk-amd64/jre/lib/ext/sunpkcs11.jar
7fcfb8017000-7fcfb90cc000 rw-p 00000000 00:00 0 
7fcfb90cc000-7fcfb929a000 r--s 03c15000 08:11 2244371                    /usr/lib/jvm/java-8-openjdk-amd64/jre/lib/rt.jar
7fcfb929a000-7fcfbbaf0000 rw-p 00000000 00:00 0 
7fcfbbaf0000-7fcfbbaf1000 ---p 00000000 00:00 0 
7fcfbbaf1000-7fcfbbbf1000 rw-p 00000000 00:00 0 
7fcfbbbf1000-7fcfbbbf2000 ---p 00000000 00:00 0 
7fcfbbbf2000-7fcfbbcf2000 rw-p 00000000 00:00 0 
7fcfbbcf2000-7fcfbbcf3000 ---p 00000000 00:00 0 
7fcfbbcf3000-7fcfbbdf3000 rw-p 00000000 00:00 0 
7fcfbbdf3000-7fcfbbdf4000 ---p 00000000 00:00 0 
7fcfbbdf4000-7fcfbbef4000 rw-p 00000000 00:00 0 
7fcfbbef4000-7fcfbbef5000 ---p 00000000 00:00 0 
7fcfbbef5000-7fcfbbff5000 rw-p 00000000 00:00 0 
7fcfbbff5000-7fcfbbff6000 ---p 00000000 00:00 0 
7fcfbbff6000-7fcfbc0f6000 rw-p 00000000 00:00 0 
7fcfbc0f6000-7fcfbc0f7000 ---p 00000000 00:00 0 
7fcfbc0f7000-7fcfbc1f7000 rw-p 00000000 00:00 0 
7fcfbc1f7000-7fcfbc1f8000 ---p 00000000 00:00 0 
7fcfbc1f8000-7fcfbc307000 rw-p 00000000 00:00 0 
7fcfbc307000-7fcfbc438000 ---p 00000000 00:00 0 
7fcfbc438000-7fcfbc447000 rw-p 00000000 00:00 0 
7fcfbc447000-7fcfbc578000 ---p 00000000 00:00 0 
7fcfbc578000-7fcfbc5ba000 rw-p 00000000 00:00 0 
7fcfbc5ba000-7fcfbc618000 ---p 00000000 00:00 0 
7fcfbc618000-7fcfbc62f000 rw-p 00000000 00:00 0 
7fcfbc62f000-7fcfbc9d9000 ---p 00000000 00:00 0 
7fcfbc9d9000-7fcfbcf59000 rwxp 00000000 00:00 0 
7fcfbcf59000-7fcfcb9d9000 ---p 00000000 00:00 0 
7fcfcb9d9000-7fcfcb9e1000 r-xp 00000000 08:11 2244328                    /usr/lib/jvm/java-8-openjdk-amd64/jre/lib/amd64/libzip.so
7fcfcb9e1000-7fcfcbbe0000 ---p 00008000 08:11 2244328                    /usr/lib/jvm/java-8-openjdk-amd64/jre/lib/amd64/libzip.so
7fcfcbbe0000-7fcfcbbe1000 r--p 00007000 08:11 2244328                    /usr/lib/jvm/java-8-openjdk-amd64/jre/lib/amd64/libzip.so
7fcfcbbe1000-7fcfcbbe2000 rw-p 00008000 08:11 2244328                    /usr/lib/jvm/java-8-openjdk-amd64/jre/lib/amd64/libzip.so
7fcfcbbe2000-7fcfcbbec000 r-xp 00000000 08:11 3147621                    /lib/x86_64-linux-gnu/libnss_files-2.24.so
7fcfcbbec000-7fcfcbdec000 ---p 0000a000 08:11 3147621                    /lib/x86_64-linux-gnu/libnss_files-2.24.so
7fcfcbdec000-7fcfcbded000 r--p 0000a000 08:11 3147621                    /lib/x86_64-linux-gnu/libnss_files-2.24.so
7fcfcbded000-7fcfcbdee000 rw-p 0000b000 08:11 3147621                    /lib/x86_64-linux-gnu/libnss_files-2.24.so
7fcfcbdee000-7fcfcbdf4000 rw-p 00000000 00:00 0 
7fcfcbdf4000-7fcfcbdff000 r-xp 00000000 08:11 3147625                    /lib/x86_64-linux-gnu/libnss_nis-2.24.so
7fcfcbdff000-7fcfcbffe000 ---p 0000b000 08:11 3147625                    /lib/x86_64-linux-gnu/libnss_nis-2.24.so
7fcfcbffe000-7fcfcbfff000 r--p 0000a000 08:11 3147625                    /lib/x86_64-linux-gnu/libnss_nis-2.24.so
7fcfcbfff000-7fcfcc000000 rw-p 0000b000 08:11 3147625                    /lib/x86_64-linux-gnu/libnss_nis-2.24.so
7fcfcc000000-7fcfcc883000 rw-p 00000000 00:00 0 
7fcfcc883000-7fcfd0000000 ---p 00000000 00:00 0 
7fcfd0000000-7fcfd0001000 r--s 00009000 08:11 2103170                    /home/statham/.m2/repository/org/thymeleaf/extras/thymeleaf-extras-java8time/3.0.1.RELEASE/thymeleaf-extras-java8time-3.0.1.RELEASE.jar
7fcfd0001000-7fcfd0002000 r--s 00000000 08:11 2102372                    /home/statham/.m2/repository/org/springframework/boot/spring-boot-starter-logging/2.0.2.RELEASE/spring-boot-starter-logging-2.0.2.RELEASE.jar
7fcfd0002000-7fcfd0003000 r--s 00000000 08:11 2102395                    /home/statham/.m2/repository/org/springframework/boot/spring-boot-starter/2.0.2.RELEASE/spring-boot-starter-2.0.2.RELEASE.jar
7fcfd0003000-7fcfd0045000 rw-p 00000000 00:00 0 
7fcfd0045000-7fcfd0059000 r-xp 00000000 08:11 3147615                    /lib/x86_64-linux-gnu/libnsl-2.24.so
7fcfd0059000-7fcfd0259000 ---p 00014000 08:11 3147615                    /lib/x86_64-linux-gnu/libnsl-2.24.so
7fcfd0259000-7fcfd025a000 r--p 00014000 08:11 3147615                    /lib/x86_64-linux-gnu/libnsl-2.24.so
7fcfd025a000-7fcfd025b000 rw-p 00015000 08:11 3147615                    /lib/x86_64-linux-gnu/libnsl-2.24.so
7fcfd025b000-7fcfd025d000 rw-p 00000000 00:00 0 
7fcfd025d000-7fcfd0264000 r-xp 00000000 08:11 3147617                    /lib/x86_64-linux-gnu/libnss_compat-2.24.so
7fcfd0264000-7fcfd0463000 ---p 00007000 08:11 3147617                    /lib/x86_64-linux-gnu/libnss_compat-2.24.so
7fcfd0463000-7fcfd0464000 r--p 00006000 08:11 3147617                    /lib/x86_64-linux-gnu/libnss_compat-2.24.so
7fcfd0464000-7fcfd0465000 rw-p 00007000 08:11 3147617                    /lib/x86_64-linux-gnu/libnss_compat-2.24.so
7fcfd0465000-7fcfd0492000 r-xp 00000000 08:11 2244309                    /usr/lib/jvm/java-8-openjdk-amd64/jre/lib/amd64/libjava.so
7fcfd0492000-7fcfd0691000 ---p 0002d000 08:11 2244309                    /usr/lib/jvm/java-8-openjdk-amd64/jre/lib/amd64/libjava.so
7fcfd0691000-7fcfd0692000 r--p 0002c000 08:11 2244309                    /usr/lib/jvm/java-8-openjdk-amd64/jre/lib/amd64/libjava.so
7fcfd0692000-7fcfd0694000 rw-p 0002d000 08:11 2244309                    /usr/lib/jvm/java-8-openjdk-amd64/jre/lib/amd64/libjava.so
7fcfd0694000-7fcfd06a3000 r-xp 00000000 08:11 2244327                    /usr/lib/jvm/java-8-openjdk-amd64/jre/lib/amd64/libverify.so
7fcfd06a3000-7fcfd08a3000 ---p 0000f000 08:11 2244327                    /usr/lib/jvm/java-8-openjdk-amd64/jre/lib/amd64/libverify.so
7fcfd08a3000-7fcfd08a5000 r--p 0000f000 08:11 2244327                    /usr/lib/jvm/java-8-openjdk-amd64/jre/lib/amd64/libverify.so
7fcfd08a5000-7fcfd08a6000 rw-p 00011000 08:11 2244327                    /usr/lib/jvm/java-8-openjdk-amd64/jre/lib/amd64/libverify.so
7fcfd08a6000-7fcfd08ad000 r-xp 00000000 08:11 3147674                    /lib/x86_64-linux-gnu/librt-2.24.so
7fcfd08ad000-7fcfd0aac000 ---p 00007000 08:11 3147674                    /lib/x86_64-linux-gnu/librt-2.24.so
7fcfd0aac000-7fcfd0aad000 r--p 00006000 08:11 3147674                    /lib/x86_64-linux-gnu/librt-2.24.so
7fcfd0aad000-7fcfd0aae000 rw-p 00007000 08:11 3147674                    /lib/x86_64-linux-gnu/librt-2.24.so
7fcfd0aae000-7fcfd0ac4000 r-xp 00000000 08:11 3147566                    /lib/x86_64-linux-gnu/libgcc_s.so.1
7fcfd0ac4000-7fcfd0cc3000 ---p 00016000 08:11 3147566                    /lib/x86_64-linux-gnu/libgcc_s.so.1
7fcfd0cc3000-7fcfd0cc4000 r--p 00015000 08:11 3147566                    /lib/x86_64-linux-gnu/libgcc_s.so.1
7fcfd0cc4000-7fcfd0cc5000 rw-p 00016000 08:11 3147566                    /lib/x86_64-linux-gnu/libgcc_s.so.1
7fcfd0cc5000-7fcfd0dc8000 r-xp 00000000 08:11 3147598                    /lib/x86_64-linux-gnu/libm-2.24.so
7fcfd0dc8000-7fcfd0fc7000 ---p 00103000 08:11 3147598                    /lib/x86_64-linux-gnu/libm-2.24.so
7fcfd0fc7000-7fcfd0fc8000 r--p 00102000 08:11 3147598                    /lib/x86_64-linux-gnu/libm-2.24.so
7fcfd0fc8000-7fcfd0fc9000 rw-p 00103000 08:11 3147598                    /lib/x86_64-linux-gnu/libm-2.24.so
7fcfd0fc9000-7fcfd113b000 r-xp 00000000 08:11 2362342                    /usr/lib/x86_64-linux-gnu/libstdc++.so.6.0.24
7fcfd113b000-7fcfd133b000 ---p 00172000 08:11 2362342                    /usr/lib/x86_64-linux-gnu/libstdc++.so.6.0.24
7fcfd133b000-7fcfd1345000 r--p 00172000 08:11 2362342                    /usr/lib/x86_64-linux-gnu/libstdc++.so.6.0.24
7fcfd1345000-7fcfd1347000 rw-p 0017c000 08:11 2362342                    /usr/lib/x86_64-linux-gnu/libstdc++.so.6.0.24
7fcfd1347000-7fcfd134a000 rw-p 00000000 00:00 0 
7fcfd134a000-7fcfd1fa3000 r-xp 00000000 08:11 2244331                    /usr/lib/jvm/java-8-openjdk-amd64/jre/lib/amd64/server/libjvm.so
7fcfd1fa3000-7fcfd21a3000 ---p 00c59000 08:11 2244331                    /usr/lib/jvm/java-8-openjdk-amd64/jre/lib/amd64/server/libjvm.so
7fcfd21a3000-7fcfd2236000 r--p 00c59000 08:11 2244331                    /usr/lib/jvm/java-8-openjdk-amd64/jre/lib/amd64/server/libjvm.so
7fcfd2236000-7fcfd225f000 rw-p 00cec000 08:11 2244331                    /usr/lib/jvm/java-8-openjdk-amd64/jre/lib/amd64/server/libjvm.so
7fcfd225f000-7fcfd228f000 rw-p 00000000 00:00 0 
7fcfd228f000-7fcfd2424000 r-xp 00000000 08:11 3147529                    /lib/x86_64-linux-gnu/libc-2.24.so
7fcfd2424000-7fcfd2624000 ---p 00195000 08:11 3147529                    /lib/x86_64-linux-gnu/libc-2.24.so
7fcfd2624000-7fcfd2628000 r--p 00195000 08:11 3147529                    /lib/x86_64-linux-gnu/libc-2.24.so
7fcfd2628000-7fcfd262a000 rw-p 00199000 08:11 3147529                    /lib/x86_64-linux-gnu/libc-2.24.so
7fcfd262a000-7fcfd262e000 rw-p 00000000 00:00 0 
7fcfd262e000-7fcfd2631000 r-xp 00000000 08:11 3147552                    /lib/x86_64-linux-gnu/libdl-2.24.so
7fcfd2631000-7fcfd2830000 ---p 00003000 08:11 3147552                    /lib/x86_64-linux-gnu/libdl-2.24.so
7fcfd2830000-7fcfd2831000 r--p 00002000 08:11 3147552                    /lib/x86_64-linux-gnu/libdl-2.24.so
7fcfd2831000-7fcfd2832000 rw-p 00003000 08:11 3147552                    /lib/x86_64-linux-gnu/libdl-2.24.so
7fcfd2832000-7fcfd283f000 r-xp 00000000 08:11 2244295                    /usr/lib/jvm/java-8-openjdk-amd64/jre/lib/amd64/jli/libjli.so
7fcfd283f000-7fcfd2a3f000 ---p 0000d000 08:11 2244295                    /usr/lib/jvm/java-8-openjdk-amd64/jre/lib/amd64/jli/libjli.so
7fcfd2a3f000-7fcfd2a40000 r--p 0000d000 08:11 2244295                    /usr/lib/jvm/java-8-openjdk-amd64/jre/lib/amd64/jli/libjli.so
7fcfd2a40000-7fcfd2a41000 rw-p 0000e000 08:11 2244295                    /usr/lib/jvm/java-8-openjdk-amd64/jre/lib/amd64/jli/libjli.so
7fcfd2a41000-7fcfd2a5a000 r-xp 00000000 08:11 3147705                    /lib/x86_64-linux-gnu/libz.so.1.2.8
7fcfd2a5a000-7fcfd2c59000 ---p 00019000 08:11 3147705                    /lib/x86_64-linux-gnu/libz.so.1.2.8
7fcfd2c59000-7fcfd2c5a000 r--p 00018000 08:11 3147705                    /lib/x86_64-linux-gnu/libz.so.1.2.8
7fcfd2c5a000-7fcfd2c5b000 rw-p 00019000 08:11 3147705                    /lib/x86_64-linux-gnu/libz.so.1.2.8
7fcfd2c5b000-7fcfd2c73000 r-xp 00000000 08:11 3147664                    /lib/x86_64-linux-gnu/libpthread-2.24.so
7fcfd2c73000-7fcfd2e72000 ---p 00018000 08:11 3147664                    /lib/x86_64-linux-gnu/libpthread-2.24.so
7fcfd2e72000-7fcfd2e73000 r--p 00017000 08:11 3147664                    /lib/x86_64-linux-gnu/libpthread-2.24.so
7fcfd2e73000-7fcfd2e74000 rw-p 00018000 08:11 3147664                    /lib/x86_64-linux-gnu/libpthread-2.24.so
7fcfd2e74000-7fcfd2e78000 rw-p 00000000 00:00 0 
7fcfd2e78000-7fcfd2e9b000 r-xp 00000000 08:11 3147499                    /lib/x86_64-linux-gnu/ld-2.24.so
7fcfd2e9b000-7fcfd2e9c000 r--s 00000000 08:11 2103160                    /home/statham/.m2/repository/org/springframework/boot/spring-boot-starter-thymeleaf/2.0.2.RELEASE/spring-boot-starter-thymeleaf-2.0.2.RELEASE.jar
7fcfd2e9c000-7fcfd2e9e000 r--s 00007000 08:11 426796                     /usr/share/java/java-atk-wrapper.jar
7fcfd2e9e000-7fcfd2ea1000 r--s 0000f000 08:11 2244344                    /usr/lib/jvm/java-8-openjdk-amd64/jre/lib/ext/icedtea-sound.jar
7fcfd2ea1000-7fcfd2ea3000 r--s 00001000 08:11 2244343                    /usr/lib/jvm/java-8-openjdk-amd64/jre/lib/ext/dnsns.jar
7fcfd2ea3000-7fcfd2ea5000 r--s 00008000 08:11 2244348                    /usr/lib/jvm/java-8-openjdk-amd64/jre/lib/ext/sunec.jar
7fcfd2ea5000-7fcfd2ea6000 r--s 0000a000 08:11 2244345                    /usr/lib/jvm/java-8-openjdk-amd64/jre/lib/ext/jaccess.jar
7fcfd2ea6000-7fcfd2f77000 rw-p 00000000 00:00 0 
7fcfd2f77000-7fcfd2f7a000 ---p 00000000 00:00 0 
7fcfd2f7a000-7fcfd307a000 rw-p 00000000 00:00 0 
7fcfd307a000-7fcfd307b000 r--s 00010000 08:11 2244351                    /usr/lib/jvm/java-8-openjdk-amd64/jre/lib/ext/zipfs.jar
7fcfd307b000-7fcfd308e000 rw-p 00000000 00:00 0 
7fcfd308e000-7fcfd3096000 rw-s 00000000 08:11 1573103                    /tmp/hsperfdata_statham/10024
7fcfd3096000-7fcfd3097000 rw-p 00000000 00:00 0 
7fcfd3097000-7fcfd3098000 ---p 00000000 00:00 0 
7fcfd3098000-7fcfd309b000 rw-p 00000000 00:00 0 
7fcfd309b000-7fcfd309c000 r--p 00023000 08:11 3147499                    /lib/x86_64-linux-gnu/ld-2.24.so
7fcfd309c000-7fcfd309d000 rw-p 00024000 08:11 3147499                    /lib/x86_64-linux-gnu/ld-2.24.so
7fcfd309d000-7fcfd309e000 rw-p 00000000 00:00 0 
7ffcd4826000-7ffcd4849000 rw-p 00000000 00:00 0                          [stack]
7ffcd49ed000-7ffcd49ef000 r--p 00000000 00:00 0                          [vvar]
7ffcd49ef000-7ffcd49f1000 r-xp 00000000 00:00 0                          [vdso]
ffffffffff600000-ffffffffff601000 r-xp 00000000 00:00 0                  [vsyscall]

VM Arguments:
jvm_args: -Dcom.sun.management.jmxremote -Dcom.sun.management.jmxremote.port=33699 -Dcom.sun.management.jmxremote.authenticate=false -Dcom.sun.management.jmxremote.ssl=false -Djava.rmi.server.hostname=localhost -Dspring.liveBeansView.mbeanDomain -Dspring.application.admin.enabled=true -Djava.security.egd=file:/dev/./urandom -Xverify:none -XX:TieredStopAtLevel=1 -Dfile.encoding=UTF-8 -Dawt.useSystemAAFontSettings=gasp 
java_command: com.example.demo.Demo1Application
java_class_path (initial): /home/statham/eclipse-workspace/demo-1/target/classes:/home/statham/.m2/repository/org/springframework/boot/spring-boot-starter-thymeleaf/2.0.2.RELEASE/spring-boot-starter-thymeleaf-2.0.2.RELEASE.jar:/home/statham/.m2/repository/org/springframework/boot/spring-boot-starter/2.0.2.RELEASE/spring-boot-starter-2.0.2.RELEASE.jar:/home/statham/.m2/repository/org/springframework/boot/spring-boot-starter-logging/2.0.2.RELEASE/spring-boot-starter-logging-2.0.2.RELEASE.jar:/home/statham/.m2/repository/ch/qos/logback/logback-classic/1.2.3/logback-classic-1.2.3.jar:/home/statham/.m2/repository/ch/qos/logback/logback-core/1.2.3/logback-core-1.2.3.jar:/home/statham/.m2/repository/org/apache/logging/log4j/log4j-to-slf4j/2.10.0/log4j-to-slf4j-2.10.0.jar:/home/statham/.m2/repository/org/apache/logging/log4j/log4j-api/2.10.0/log4j-api-2.10.0.jar:/home/statham/.m2/repository/org/slf4j/jul-to-slf4j/1.7.25/jul-to-slf4j-1.7.25.jar:/home/statham/.m2/repository/javax/annotation/javax.annotation-api/1.3.2/javax.annotation-api-1.3.2.jar:/home/statham/.m2/repository/org/yaml/snakeyaml/1.19/snakeyaml-1.19.jar:/home/statham/.m2/repository/org/thymeleaf/thymeleaf-spring5/3.0.9.RELEASE/thymeleaf-spring5-3.0.9.RELEASE.jar:/home/statham/.m2/repository/org/thymeleaf/thymeleaf/3.0.9.RELEASE/thymeleaf-3.0.9.RELEASE.jar:/home/statham/.m2/repository/org/attoparser/attoparser/2.0.4.RELEASE/attoparser-2.0.4.RELEASE.jar:/home/statham/.m2/repository/org/unbescape/unbescape/1.1.5.RELEASE/unbescape-1.1.5.RELEASE.jar:/home/statham/.m2/repository/org/slf4j/slf4j-api/1.7.25/slf4j-api-1.7.25.jar:/home/statham/.m2/repository/org/thymeleaf/extras/thymeleaf-extras-java8time/3.0.1.RELEASE/thymeleaf-extras-java8time-3.0.1.RELEASE.jar:/home/statham/.m2/repository/net/sourceforge/nekohtml/nekohtml/1.9.22/nekohtml-1.9.22.jar:/home/statham/.m2/repository/xerces/xercesImpl/2.11.0/xercesImpl-2.11.0.jar:/home/statham/.m2/repository/xml-apis/xml-apis/1.4.01/xml-apis-1.4.01.jar:/home/statham/.m2/re
Launcher Type: SUN_STANDARD

Environment Variables:
_JAVA_OPTIONS=  -Dawt.useSystemAAFontSettings=gasp
PATH=/usr/local/bin:/usr/bin:/bin:/usr/local/games:/usr/games:/sbin:/usr/sbin
SHELL=/bin/bash
DISPLAY=:0

Signal Handlers:
SIGSEGV: [libjvm.so+0xa6f4f0], sa_mask[0]=11111111011111111101111111111110, sa_flags=SA_RESTART|SA_SIGINFO
SIGBUS: [libjvm.so+0xa6f4f0], sa_mask[0]=11111111011111111101111111111110, sa_flags=SA_RESTART|SA_SIGINFO
SIGFPE: [libjvm.so+0x8b95e0], sa_mask[0]=11111111011111111101111111111110, sa_flags=SA_RESTART|SA_SIGINFO
SIGPIPE: [libjvm.so+0x8b95e0], sa_mask[0]=11111111011111111101111111111110, sa_flags=SA_RESTART|SA_SIGINFO
SIGXFSZ: [libjvm.so+0x8b95e0], sa_mask[0]=11111111011111111101111111111110, sa_flags=SA_RESTART|SA_SIGINFO
SIGILL: [libjvm.so+0x8b95e0], sa_mask[0]=11111111011111111101111111111110, sa_flags=SA_RESTART|SA_SIGINFO
SIGUSR1: SIG_DFL, sa_mask[0]=00000000000000000000000000000000, sa_flags=none
SIGUSR2: [libjvm.so+0x8b9490], sa_mask[0]=00100000000000000000000000000000, sa_flags=SA_RESTART|SA_SIGINFO
SIGHUP: SIG_IGN, sa_mask[0]=00000000000000000000000000000000, sa_flags=none
SIGINT: [libjvm.so+0x8b9940], sa_mask[0]=11111111011111111101111111111110, sa_flags=SA_RESTART|SA_SIGINFO
SIGTERM: [libjvm.so+0x8b9940], sa_mask[0]=11111111011111111101111111111110, sa_flags=SA_RESTART|SA_SIGINFO
SIGQUIT: [libjvm.so+0x8b9940], sa_mask[0]=11111111011111111101111111111110, sa_flags=SA_RESTART|SA_SIGINFO


---------------  S Y S T E M  ---------------

OS:DISTRIB_ID=Deepin
DISTRIB_RELEASE=15.5
DISTRIB_DESCRIPTION="Deepin 15.5 "
DISTRIB_CODENAME=unstable

uname:Linux 4.9.0-deepin13-amd64 #1 SMP PREEMPT Deepin 4.9.57-1 (2017-10-19) x86_64
libc:glibc 2.24 NPTL 2.24 
rlimit: STACK 8192k, CORE 0k, NPROC 15152, NOFILE 1048576, AS infinity
load average:19.48 13.31 7.60

/proc/meminfo:
MemTotal:        3926480 kB
MemFree:          103660 kB
MemAvailable:       3252 kB
Buffers:             396 kB
Cached:           756076 kB
SwapCached:            0 kB
Active:          2849400 kB
Inactive:         749936 kB
Active(anon):    2844752 kB
Inactive(anon):   743732 kB
Active(file):       4648 kB
Inactive(file):     6204 kB
Unevictable:         112 kB
Mlocked:             112 kB
SwapTotal:             0 kB
SwapFree:              0 kB
Dirty:                64 kB
Writeback:            56 kB
AnonPages:       2843192 kB
Mapped:           239976 kB
Shmem:            745340 kB
Slab:              78224 kB
SReclaimable:      26832 kB
SUnreclaim:        51392 kB
KernelStack:       14848 kB
PageTables:        53160 kB
NFS_Unstable:          0 kB
Bounce:                0 kB
WritebackTmp:          0 kB
CommitLimit:     1963240 kB
Committed_AS:    8850436 kB
VmallocTotal:   34359738367 kB
VmallocUsed:           0 kB
VmallocChunk:          0 kB
HardwareCorrupted:     0 kB
AnonHugePages:         0 kB
ShmemHugePages:        0 kB
ShmemPmdMapped:        0 kB
HugePages_Total:       0
HugePages_Free:        0
HugePages_Rsvd:        0
HugePages_Surp:        0
Hugepagesize:       2048 kB
DirectMap4k:      202036 kB
DirectMap2M:     3868672 kB
DirectMap1G:           0 kB


CPU:total 8 (initial active 8) (4 cores per cpu, 2 threads per core) family 6 model 60 stepping 3, cmov, cx8, fxsr, mmx, sse, sse2, sse3, ssse3, sse4.1, sse4.2, popcnt, avx, avx2, aes, clmul, erms, lzcnt, ht, tsc, tscinvbit, bmi1, bmi2

/proc/cpuinfo:
processor	: 0
vendor_id	: GenuineIntel
cpu family	: 6
model		: 60
model name	: Intel(R) Core(TM) i7-4710MQ CPU @ 2.50GHz
stepping	: 3
microcode	: 0x17
cpu MHz		: 2501.000
cache size	: 6144 KB
physical id	: 0
siblings	: 8
core id		: 0
cpu cores	: 4
apicid		: 0
initial apicid	: 0
fpu		: yes
fpu_exception	: yes
cpuid level	: 13
wp		: yes
flags		: fpu vme de pse tsc msr pae mce cx8 apic sep mtrr pge mca cmov pat pse36 clflush dts acpi mmx fxsr sse sse2 ss ht tm pbe syscall nx pdpe1gb rdtscp lm constant_tsc arch_perfmon pebs bts rep_good nopl xtopology nonstop_tsc aperfmperf eagerfpu pni pclmulqdq dtes64 monitor ds_cpl vmx est tm2 ssse3 sdbg fma cx16 xtpr pdcm pcid sse4_1 sse4_2 movbe popcnt tsc_deadline_timer aes xsave avx f16c rdrand lahf_lm abm epb tpr_shadow vnmi flexpriority ept vpid fsgsbase tsc_adjust bmi1 avx2 smep bmi2 erms invpcid xsaveopt dtherm ida arat pln pts
bugs		:
bogomips	: 4988.63
clflush size	: 64
cache_alignment	: 64
address sizes	: 39 bits physical, 48 bits virtual
power management:

processor	: 1
vendor_id	: GenuineIntel
cpu family	: 6
model		: 60
model name	: Intel(R) Core(TM) i7-4710MQ CPU @ 2.50GHz
stepping	: 3
microcode	: 0x17
cpu MHz		: 2501.000
cache size	: 6144 KB
physical id	: 0
siblings	: 8
core id		: 1
cpu cores	: 4
apicid		: 2
initial apicid	: 2
fpu		: yes
fpu_exception	: yes
cpuid level	: 13
wp		: yes
flags		: fpu vme de pse tsc msr pae mce cx8 apic sep mtrr pge mca cmov pat pse36 clflush dts acpi mmx fxsr sse sse2 ss ht tm pbe syscall nx pdpe1gb rdtscp lm constant_tsc arch_perfmon pebs bts rep_good nopl xtopology nonstop_tsc aperfmperf eagerfpu pni pclmulqdq dtes64 monitor ds_cpl vmx est tm2 ssse3 sdbg fma cx16 xtpr pdcm pcid sse4_1 sse4_2 movbe popcnt tsc_deadline_timer aes xsave avx f16c rdrand lahf_lm abm epb tpr_shadow vnmi flexpriority ept vpid fsgsbase tsc_adjust bmi1 avx2 smep bmi2 erms invpcid xsaveopt dtherm ida arat pln pts
bugs		:
bogomips	: 4988.63
clflush size	: 64
cache_alignment	: 64
address sizes	: 39 bits physical, 48 bits virtual
power management:

processor	: 2
vendor_id	: GenuineIntel
cpu family	: 6
model		: 60
model name	: Intel(R) Core(TM) i7-4710MQ CPU @ 2.50GHz
stepping	: 3
microcode	: 0x17
cpu MHz		: 2501.000
cache size	: 6144 KB
physical id	: 0
siblings	: 8
core id		: 2
cpu cores	: 4
apicid		: 4
initial apicid	: 4
fpu		: yes
fpu_exception	: yes
cpuid level	: 13
wp		: yes
flags		: fpu vme de pse tsc msr pae mce cx8 apic sep mtrr pge mca cmov pat pse36 clflush dts acpi mmx fxsr sse sse2 ss ht tm pbe syscall nx pdpe1gb rdtscp lm constant_tsc arch_perfmon pebs bts rep_good nopl xtopology nonstop_tsc aperfmperf eagerfpu pni pclmulqdq dtes64 monitor ds_cpl vmx est tm2 ssse3 sdbg fma cx16 xtpr pdcm pcid sse4_1 sse4_2 movbe popcnt tsc_deadline_timer aes xsave avx f16c rdrand lahf_lm abm epb tpr_shadow vnmi flexpriority ept vpid fsgsbase tsc_adjust bmi1 avx2 smep bmi2 erms invpcid xsaveopt dtherm ida arat pln pts
bugs		:
bogomips	: 4988.63
clflush size	: 64
cache_alignment	: 64
address sizes	: 39 bits physical, 48 bits virtual
power management:

processor	: 3
vendor_id	: GenuineIntel
cpu family	: 6
model		: 60
model name	: Intel(R) Core(TM) i7-4710MQ CPU @ 2.50GHz
stepping	: 3
microcode	: 0x17
cpu MHz		: 2501.000
cache size	: 6144 KB
physical id	: 0
siblings	: 8
core id		: 3
cpu cores	: 4
apicid		: 6
initial apicid	: 6
fpu		: yes
fpu_exception	: yes
cpuid level	: 13
wp		: yes
flags		: fpu vme de pse tsc msr pae mce cx8 apic sep mtrr pge mca cmov pat pse36 clflush dts acpi mmx fxsr sse sse2 ss ht tm pbe syscall nx pdpe1gb rdtscp lm constant_tsc arch_perfmon pebs bts rep_good nopl xtopology nonstop_tsc aperfmperf eagerfpu pni pclmulqdq dtes64 monitor ds_cpl vmx est tm2 ssse3 sdbg fma cx16 xtpr pdcm pcid sse4_1 sse4_2 movbe popcnt tsc_deadline_timer aes xsave avx f16c rdrand lahf_lm abm epb tpr_shadow vnmi flexpriority ept vpid fsgsbase tsc_adjust bmi1 avx2 smep bmi2 erms invpcid xsaveopt dtherm ida arat pln pts
bugs		:
bogomips	: 4988.63
clflush size	: 64
cache_alignment	: 64
address sizes	: 39 bits physical, 48 bits virtual
power management:

processor	: 4
vendor_id	: GenuineIntel
cpu family	: 6
model		: 60
model name	: Intel(R) Core(TM) i7-4710MQ CPU @ 2.50GHz
stepping	: 3
microcode	: 0x17
cpu MHz		: 2501.000
cache size	: 6144 KB
physical id	: 0
siblings	: 8
core id		: 0
cpu cores	: 4
apicid		: 1
initial apicid	: 1
fpu		: yes
fpu_exception	: yes
cpuid level	: 13
wp		: yes
flags		: fpu vme de pse tsc msr pae mce cx8 apic sep mtrr pge mca cmov pat pse36 clflush dts acpi mmx fxsr sse sse2 ss ht tm pbe syscall nx pdpe1gb rdtscp lm constant_tsc arch_perfmon pebs bts rep_good nopl xtopology nonstop_tsc aperfmperf eagerfpu pni pclmulqdq dtes64 monitor ds_cpl vmx est tm2 ssse3 sdbg fma cx16 xtpr pdcm pcid sse4_1 sse4_2 movbe popcnt tsc_deadline_timer aes xsave avx f16c rdrand lahf_lm abm epb tpr_shadow vnmi flexpriority ept vpid fsgsbase tsc_adjust bmi1 avx2 smep bmi2 erms invpcid xsaveopt dtherm ida arat pln pts
bugs		:
bogomips	: 4988.63
clflush size	: 64
cache_alignment	: 64
address sizes	: 39 bits physical, 48 bits virtual
power management:

processor	: 5
vendor_id	: GenuineIntel
cpu family	: 6
model		: 60
model name	: Intel(R) Core(TM) i7-4710MQ CPU @ 2.50GHz
stepping	: 3
microcode	: 0x17
cpu MHz		: 900.000
cache size	: 6144 KB
physical id	: 0
siblings	: 8
core id		: 1
cpu cores	: 4
apicid		: 3
initial apicid	: 3
fpu		: yes
fpu_exception	: yes
cpuid level	: 13
wp		: yes
flags		: fpu vme de pse tsc msr pae mce cx8 apic sep mtrr pge mca cmov pat pse36 clflush dts acpi mmx fxsr sse sse2 ss ht tm pbe syscall nx pdpe1gb rdtscp lm constant_tsc arch_perfmon pebs bts rep_good nopl xtopology nonstop_tsc aperfmperf eagerfpu pni pclmulqdq dtes64 monitor ds_cpl vmx est tm2 ssse3 sdbg fma cx16 xtpr pdcm pcid sse4_1 sse4_2 movbe popcnt tsc_deadline_timer aes xsave avx f16c rdrand lahf_lm abm epb tpr_shadow vnmi flexpriority ept vpid fsgsbase tsc_adjust bmi1 avx2 smep bmi2 erms invpcid xsaveopt dtherm ida arat pln pts
bugs		:
bogomips	: 4988.63
clflush size	: 64
cache_alignment	: 64
address sizes	: 39 bits physical, 48 bits virtual
power management:

processor	: 6
vendor_id	: GenuineIntel
cpu family	: 6
model		: 60
model name	: Intel(R) Core(TM) i7-4710MQ CPU @ 2.50GHz
stepping	: 3
microcode	: 0x17
cpu MHz		: 2501.000
cache size	: 6144 KB
physical id	: 0
siblings	: 8
core id		: 2
cpu cores	: 4
apicid		: 5
initial apicid	: 5
fpu		: yes
fpu_exception	: yes
cpuid level	: 13
wp		: yes
flags		: fpu vme de pse tsc msr pae mce cx8 apic sep mtrr pge mca cmov pat pse36 clflush dts acpi mmx fxsr sse sse2 ss ht tm pbe syscall nx pdpe1gb rdtscp lm constant_tsc arch_perfmon pebs bts rep_good nopl xtopology nonstop_tsc aperfmperf eagerfpu pni pclmulqdq dtes64 monitor ds_cpl vmx est tm2 ssse3 sdbg fma cx16 xtpr pdcm pcid sse4_1 sse4_2 movbe popcnt tsc_deadline_timer aes xsave avx f16c rdrand lahf_lm abm epb tpr_shadow vnmi flexpriority ept vpid fsgsbase tsc_adjust bmi1 avx2 smep bmi2 erms invpcid xsaveopt dtherm ida arat pln pts
bugs		:
bogomips	: 4988.63
clflush size	: 64
cache_alignment	: 64
address sizes	: 39 bits physical, 48 bits virtual
power management:

processor	: 7
vendor_id	: GenuineIntel
cpu family	: 6
model		: 60
model name	: Intel(R) Core(TM) i7-4710MQ CPU @ 2.50GHz
stepping	: 3
microcode	: 0x17
cpu MHz		: 2501.000
cache size	: 6144 KB
physical id	: 0
siblings	: 8
core id		: 3
cpu cores	: 4
apicid		: 7
initial apicid	: 7
fpu		: yes
fpu_exception	: yes
cpuid level	: 13
wp		: yes
flags		: fpu vme de pse tsc msr pae mce cx8 apic sep mtrr pge mca cmov pat pse36 clflush dts acpi mmx fxsr sse sse2 ss ht tm pbe syscall nx pdpe1gb rdtscp lm constant_tsc arch_perfmon pebs bts rep_good nopl xtopology nonstop_tsc aperfmperf eagerfpu pni pclmulqdq dtes64 monitor ds_cpl vmx est tm2 ssse3 sdbg fma cx16 xtpr pdcm pcid sse4_1 sse4_2 movbe popcnt tsc_deadline_timer aes xsave avx f16c rdrand lahf_lm abm epb tpr_shadow vnmi flexpriority ept vpid fsgsbase tsc_adjust bmi1 avx2 smep bmi2 erms invpcid xsaveopt dtherm ida arat pln pts
bugs		:
bogomips	: 4988.63
clflush size	: 64
cache_alignment	: 64
address sizes	: 39 bits physical, 48 bits virtual
power management:



Memory: 4k page, physical 3926480k(102916k free), swap 0k(0k free)

vm_info: OpenJDK 64-Bit Server VM (25.141-b15) for linux-amd64 JRE (1.8.0_141-8u141-b15-3-b15), built on Jul 25 2017 15:03:27 by "buildd" with gcc 6.4.0 20170704

time: Wed May 23 18:46:58 2018
elapsed time: 304 seconds (0d 0h 5m 4s)

