#
# There is insufficient memory for the Java Runtime Environment to continue.
# Native memory allocation (mmap) failed to map 82313216 bytes for committing reserved memory.
# Possible reasons:
#   The system is out of physical RAM or swap space
#   In 32 bit mode, the process size limit was hit
# Possible solutions:
#   Reduce memory load on the system
#   Increase physical memory or swap space
#   Check if swap backing store is full
#   Use 64 bit Java on a 64 bit OS
#   Decrease Java heap size (-Xmx/-Xms)
#   Decrease number of Java threads
#   Decrease Java thread stack sizes (-Xss)
#   Set larger code cache with -XX:ReservedCodeCacheSize=
# This output file may be truncated or incomplete.
#
#  Out of Memory Error (os_linux.cpp:2643), pid=9630, tid=0x00007f642d4d1700
#
# JRE version: OpenJDK Runtime Environment (8.0_141-b15) (build 1.8.0_141-8u141-b15-3-b15)
# Java VM: OpenJDK 64-Bit Server VM (25.141-b15 mixed mode linux-amd64 compressed oops)
# Failed to write core dump. Core dumps have been disabled. To enable core dumping, try "ulimit -c unlimited" before starting Java again
#

---------------  T H R E A D  ---------------

Current thread (0x00007f6444083800):  VMThread [stack: 0x00007f642d3d1000,0x00007f642d4d2000] [id=9644]

Stack: [0x00007f642d3d1000,0x00007f642d4d2000],  sp=0x00007f642d4d04d0,  free space=1021k
Native frames: (J=compiled Java code, j=interpreted, Vv=VM code, C=native code)
V  [libjvm.so+0xa6ea60]  VMError::report_and_die()+0x160
V  [libjvm.so+0x4c792c]  report_vm_out_of_memory(char const*, int, unsigned long, VMErrorType, char const*)+0xac
V  [libjvm.so+0x8bddc0]  os::pd_commit_memory(char*, unsigned long, unsigned long, bool)+0xf0
V  [libjvm.so+0x8b844e]  os::commit_memory(char*, unsigned long, unsigned long, bool)+0x2e
V  [libjvm.so+0x932d1e]  PSVirtualSpace::expand_by(unsigned long)+0x4e
V  [libjvm.so+0x9340a3]  PSYoungGen::resize(unsigned long, unsigned long)+0x103
V  [libjvm.so+0x930693]  PSScavenge::invoke_no_policy()+0x13f3
V  [libjvm.so+0x93099c]  PSScavenge::invoke()+0x4c
V  [libjvm.so+0x8e2553]  ParallelScavengeHeap::failed_mem_allocate(unsigned long)+0x63
V  [libjvm.so+0xa706d2]  VM_ParallelGCFailedAllocation::doit()+0x92
V  [libjvm.so+0xa757e7]  VM_Operation::evaluate()+0x47
V  [libjvm.so+0xa72fe2]  VMThread::evaluate_operation(VM_Operation*) [clone .constprop.30]+0xf2
V  [libjvm.so+0xa743f6]  VMThread::loop()+0x246
V  [libjvm.so+0xa748f1]  VMThread::run()+0x81
V  [libjvm.so+0x8bb352]  java_start(Thread*)+0xf2

VM_Operation (0x00007f641e3ed830): ParallelGCFailedAllocation, mode: safepoint, requested by thread 0x00007f63c005f000


---------------  P R O C E S S  ---------------

Java Threads: ( => current thread )
  0x00007f63c00ba000 JavaThread "http-nio-8888-AsyncTimeout" daemon [_thread_blocked, id=10430, stack(0x00007f641d9ea000,0x00007f641daeb000)]
  0x00007f63c00b9000 JavaThread "http-nio-8888-Acceptor-0" daemon [_thread_in_native, id=10429, stack(0x00007f641dfec000,0x00007f641e0ed000)]
  0x00007f63c00b8000 JavaThread "http-nio-8888-ClientPoller-1" daemon [_thread_in_native, id=10428, stack(0x00007f641f3fe000,0x00007f641f4ff000)]
  0x00007f63c009e000 JavaThread "http-nio-8888-ClientPoller-0" daemon [_thread_in_native, id=10427, stack(0x00007f641dceb000,0x00007f641ddec000)]
  0x00007f63c0084000 JavaThread "http-nio-8888-exec-10" daemon [_thread_blocked, id=10426, stack(0x00007f641effc000,0x00007f641f0fd000)]
  0x00007f63c0083000 JavaThread "http-nio-8888-exec-9" daemon [_thread_blocked, id=10425, stack(0x00007f6424868000,0x00007f6424969000)]
  0x00007f63c0082000 JavaThread "http-nio-8888-exec-8" daemon [_thread_blocked, id=10424, stack(0x00007f641e7f4000,0x00007f641e8f5000)]
  0x00007f63c0081000 JavaThread "http-nio-8888-exec-7" daemon [_thread_blocked, id=10423, stack(0x00007f641e1ee000,0x00007f641e2ef000)]
  0x00007f63c007f800 JavaThread "http-nio-8888-exec-6" daemon [_thread_blocked, id=10422, stack(0x00007f641e6f3000,0x00007f641e7f4000)]
  0x00007f63c007e800 JavaThread "http-nio-8888-exec-5" daemon [_thread_blocked, id=10421, stack(0x00007f641e8f5000,0x00007f641e9f6000)]
  0x00007f63c007d800 JavaThread "http-nio-8888-exec-4" daemon [_thread_blocked, id=10420, stack(0x00007f641ecf9000,0x00007f641edfa000)]
  0x00007f63c007c800 JavaThread "http-nio-8888-exec-3" daemon [_thread_blocked, id=10419, stack(0x00007f641eaf7000,0x00007f641ebf8000)]
  0x00007f63c007b800 JavaThread "http-nio-8888-exec-2" daemon [_thread_blocked, id=10418, stack(0x00007f641ebf8000,0x00007f641ecf9000)]
  0x00007f63c0061800 JavaThread "http-nio-8888-exec-1" daemon [_thread_blocked, id=10417, stack(0x00007f641e4f1000,0x00007f641e5f2000)]
  0x00007f63c0061000 JavaThread "NioBlockingSelector.BlockPoller-4" daemon [_thread_in_native, id=10416, stack(0x00007f641e5f2000,0x00007f641e6f3000)]
  0x00007f63c005f000 JavaThread "File Watcher" daemon [_thread_blocked, id=10415, stack(0x00007f641e2ef000,0x00007f641e3f0000)]
  0x00007f63c0054000 JavaThread "container-0" [_thread_blocked, id=10413, stack(0x00007f641e9f6000,0x00007f641eaf7000)]
  0x00007f63c004f000 JavaThread "ContainerBackgroundProcessor[StandardEngine[Tomcat]]" daemon [_thread_blocked, id=10412, stack(0x00007f641f2fd000,0x00007f641f3fe000)]
  0x00007f63bc038800 JavaThread "Abandoned connection cleanup thread" daemon [_thread_blocked, id=9715, stack(0x00007f6424666000,0x00007f6424767000)]
  0x00007f644400e000 JavaThread "DestroyJavaVM" [_thread_blocked, id=9635, stack(0x00007f644cf8e000,0x00007f644d08f000)]
  0x00007f63c8820000 JavaThread "Live Reload Server" daemon [_thread_in_native, id=9668, stack(0x00007f641edfa000,0x00007f641eefb000)]
  0x00007f6444538800 JavaThread "RMI TCP Accept-0" daemon [_thread_in_native, id=9655, stack(0x00007f6424c93000,0x00007f6424d94000)]
  0x00007f6444508800 JavaThread "RMI TCP Accept-42983" daemon [_thread_in_native, id=9654, stack(0x00007f6424d94000,0x00007f6424e95000)]
  0x00007f64444f2000 JavaThread "RMI TCP Accept-0" daemon [_thread_in_native, id=9653, stack(0x00007f6424e95000,0x00007f6424f96000)]
  0x00007f64440c7000 JavaThread "Service Thread" daemon [_thread_blocked, id=9652, stack(0x00007f642c87a000,0x00007f642c97b000)]
  0x00007f64440c1800 JavaThread "C1 CompilerThread3" daemon [_thread_blocked, id=9651, stack(0x00007f642c97b000,0x00007f642ca7c000)]
  0x00007f64440bd800 JavaThread "C2 CompilerThread2" daemon [_thread_blocked, id=9650, stack(0x00007f642ca7c000,0x00007f642cb7d000)]
  0x00007f64440bb800 JavaThread "C2 CompilerThread1" daemon [_thread_blocked, id=9649, stack(0x00007f642cb7d000,0x00007f642cc7e000)]
  0x00007f64440b9000 JavaThread "C2 CompilerThread0" daemon [_thread_blocked, id=9648, stack(0x00007f642cc7e000,0x00007f642cd7f000)]
  0x00007f64440b6800 JavaThread "Signal Dispatcher" daemon [_thread_blocked, id=9647, stack(0x00007f642cd7f000,0x00007f642ce80000)]
  0x00007f644408f800 JavaThread "Finalizer" daemon [_thread_blocked, id=9646, stack(0x00007f642d1cf000,0x00007f642d2d0000)]
  0x00007f644408b000 JavaThread "Reference Handler" daemon [_thread_blocked, id=9645, stack(0x00007f642d2d0000,0x00007f642d3d1000)]

Other Threads:
=>0x00007f6444083800 VMThread [stack: 0x00007f642d3d1000,0x00007f642d4d2000] [id=9644]
  0x00007f644453a800 WatcherThread [stack: 0x00007f6424b92000,0x00007f6424c93000] [id=9656]

VM state:at safepoint (normal execution)

VM Mutex/Monitor currently owned by a thread:  ([mutex/lock_event])
[0x00007f644400a090] Threads_lock - owner thread: 0x00007f6444083800
[0x00007f644400a590] Heap_lock - owner thread: 0x00007f63c005f000

Heap:
 PSYoungGen      total 219136K, used 5135K [0x00000000ec000000, 0x00000000fa180000, 0x0000000100000000)
  eden space 207360K, 0% used [0x00000000ec000000,0x00000000ec000000,0x00000000f8a80000)
  from space 11776K, 43% used [0x00000000f8a80000,0x00000000f8f83f00,0x00000000f9600000)
  to   space 11776K, 0% used [0x00000000f9600000,0x00000000f9600000,0x00000000fa180000)
 ParOldGen       total 54784K, used 22166K [0x00000000c4000000, 0x00000000c7580000, 0x00000000ec000000)
  object space 54784K, 40% used [0x00000000c4000000,0x00000000c55a5938,0x00000000c7580000)
 Metaspace       used 35258K, capacity 37094K, committed 37376K, reserved 1081344K
  class space    used 4670K, capacity 5019K, committed 5120K, reserved 1048576K

Card table byte_map: [0x00007f6449494000,0x00007f6449675000] byte_map_base: 0x00007f6448e74000

Marking Bits: (ParMarkBitMap*) 0x00007f644c2892c0
 Begin Bits: [0x00007f642e200000, 0x00007f642f100000)
 End Bits:   [0x00007f642f100000, 0x00007f6430000000)

Polling page: 0x00007f644d0ae000

CodeCache: size=245760Kb used=10140Kb max_used=10140Kb free=235619Kb
 bounds [0x00007f6435000000, 0x00007f64359f0000, 0x00007f6444000000]
 total_blobs=5457 nmethods=5013 adapters=358
 compilation: enabled

Compilation events (10 events):
Event: 864.862 Thread 0x00007f64440c1800 5093       1       java.util.TreeSet::add (22 bytes)
Event: 864.862 Thread 0x00007f64440c1800 nmethod 5093 0x00007f64359e6ad0 code [0x00007f64359e6c40, 0x00007f64359e6da8]
Event: 984.861 Thread 0x00007f64440c1800 5094       1       org.apache.catalina.core.ContainerBase::getBackgroundProcessorDelay (5 bytes)
Event: 984.862 Thread 0x00007f64440c1800 nmethod 5094 0x00007f64359e6e10 code [0x00007f64359e6f60, 0x00007f64359e7070]
Event: 1134.869 Thread 0x00007f64440c1800 5096       1       org.apache.catalina.valves.ValveBase::backgroundProcess (1 bytes)
Event: 1134.878 Thread 0x00007f64440c1800 nmethod 5096 0x00007f64359e7410 code [0x00007f64359e7560, 0x00007f64359e7670]
Event: 1224.869 Thread 0x00007f64440c1800 5097   !   1       org.apache.catalina.core.ContainerBase::findChildren (42 bytes)
Event: 1224.879 Thread 0x00007f64440c1800 nmethod 5097 0x00007f64359e76d0 code [0x00007f64359e7860, 0x00007f64359e7c38]
Event: 1254.870 Thread 0x00007f64440c1800 5098       1       org.apache.catalina.mapper.MapperListener::lifecycleEvent (178 bytes)
Event: 1254.870 Thread 0x00007f64440c1800 nmethod 5098 0x00007f64359e7e50 code [0x00007f64359e8080, 0x00007f64359e8838]

GC Heap History (10 events):
Event: 66.774 GC heap after
Heap after GC invocations=15 (full 3):
 PSYoungGen      total 206336K, used 0K [0x00000000ec000000, 0x00000000fa280000, 0x0000000100000000)
  eden space 194560K, 0% used [0x00000000ec000000,0x00000000ec000000,0x00000000f7e00000)
  from space 11776K, 0% used [0x00000000f8a00000,0x00000000f8a00000,0x00000000f9580000)
  to   space 12288K, 0% used [0x00000000f7e00000,0x00000000f7e00000,0x00000000f8a00000)
 ParOldGen       total 54784K, used 19840K [0x00000000c4000000, 0x00000000c7580000, 0x00000000ec000000)
  object space 54784K, 36% used [0x00000000c4000000,0x00000000c53603b0,0x00000000c7580000)
 Metaspace       used 32767K, capacity 34402K, committed 34688K, reserved 1079296K
  class space    used 4341K, capacity 4646K, committed 4736K, reserved 1048576K
}
Event: 190.423 GC heap before
{Heap before GC invocations=16 (full 3):
 PSYoungGen      total 206336K, used 164176K [0x00000000ec000000, 0x00000000fa280000, 0x0000000100000000)
  eden space 194560K, 84% used [0x00000000ec000000,0x00000000f6054270,0x00000000f7e00000)
  from space 11776K, 0% used [0x00000000f8a00000,0x00000000f8a00000,0x00000000f9580000)
  to   space 12288K, 0% used [0x00000000f7e00000,0x00000000f7e00000,0x00000000f8a00000)
 ParOldGen       total 54784K, used 19840K [0x00000000c4000000, 0x00000000c7580000, 0x00000000ec000000)
  object space 54784K, 36% used [0x00000000c4000000,0x00000000c53603b0,0x00000000c7580000)
 Metaspace       used 34923K, capacity 36678K, committed 36736K, reserved 1081344K
  class space    used 4633K, capacity 4977K, committed 4992K, reserved 1048576K
Event: 190.429 GC heap after
Heap after GC invocations=16 (full 3):
 PSYoungGen      total 206848K, used 6278K [0x00000000ec000000, 0x00000000fa180000, 0x0000000100000000)
  eden space 194560K, 0% used [0x00000000ec000000,0x00000000ec000000,0x00000000f7e00000)
  from space 12288K, 51% used [0x00000000f7e00000,0x00000000f8421a78,0x00000000f8a00000)
  to   space 11776K, 0% used [0x00000000f9600000,0x00000000f9600000,0x00000000fa180000)
 ParOldGen       total 54784K, used 19848K [0x00000000c4000000, 0x00000000c7580000, 0x00000000ec000000)
  object space 54784K, 36% used [0x00000000c4000000,0x00000000c53623b0,0x00000000c7580000)
 Metaspace       used 34923K, capacity 36678K, committed 36736K, reserved 1081344K
  class space    used 4633K, capacity 4977K, committed 4992K, reserved 1048576K
}
Event: 190.429 GC heap before
{Heap before GC invocations=17 (full 4):
 PSYoungGen      total 206848K, used 6278K [0x00000000ec000000, 0x00000000fa180000, 0x0000000100000000)
  eden space 194560K, 0% used [0x00000000ec000000,0x00000000ec000000,0x00000000f7e00000)
  from space 12288K, 51% used [0x00000000f7e00000,0x00000000f8421a78,0x00000000f8a00000)
  to   space 11776K, 0% used [0x00000000f9600000,0x00000000f9600000,0x00000000fa180000)
 ParOldGen       total 54784K, used 19848K [0x00000000c4000000, 0x00000000c7580000, 0x00000000ec000000)
  object space 54784K, 36% used [0x00000000c4000000,0x00000000c53623b0,0x00000000c7580000)
 Metaspace       used 34923K, capacity 36678K, committed 36736K, reserved 1081344K
  class space    used 4633K, capacity 4977K, committed 4992K, reserved 1048576K
Event: 190.601 GC heap after
Heap after GC invocations=17 (full 4):
 PSYoungGen      total 206848K, used 0K [0x00000000ec000000, 0x00000000fa180000, 0x0000000100000000)
  eden space 194560K, 0% used [0x00000000ec000000,0x00000000ec000000,0x00000000f7e00000)
  from space 12288K, 0% used [0x00000000f7e00000,0x00000000f7e00000,0x00000000f8a00000)
  to   space 11776K, 0% used [0x00000000f9600000,0x00000000f9600000,0x00000000fa180000)
 ParOldGen       total 54784K, used 23830K [0x00000000c4000000, 0x00000000c7580000, 0x00000000ec000000)
  object space 54784K, 43% used [0x00000000c4000000,0x00000000c5745b38,0x00000000c7580000)
 Metaspace       used 34920K, capacity 36672K, committed 36736K, reserved 1081344K
  class space    used 4632K, capacity 4975K, committed 4992K, reserved 1048576K
}
Event: 444.254 GC heap before
{Heap before GC invocations=18 (full 4):
 PSYoungGen      total 206848K, used 154825K [0x00000000ec000000, 0x00000000fa180000, 0x0000000100000000)
  eden space 194560K, 79% used [0x00000000ec000000,0x00000000f5732470,0x00000000f7e00000)
  from space 12288K, 0% used [0x00000000f7e00000,0x00000000f7e00000,0x00000000f8a00000)
  to   space 11776K, 0% used [0x00000000f9600000,0x00000000f9600000,0x00000000fa180000)
 ParOldGen       total 54784K, used 23830K [0x00000000c4000000, 0x00000000c7580000, 0x00000000ec000000)
  object space 54784K, 43% used [0x00000000c4000000,0x00000000c5745b38,0x00000000c7580000)
 Metaspace       used 35100K, capacity 36858K, committed 36992K, reserved 1081344K
  class space    used 4651K, capacity 4988K, committed 4992K, reserved 1048576K
Event: 444.269 GC heap after
Heap after GC invocations=18 (full 4):
 PSYoungGen      total 219136K, used 3247K [0x00000000ec000000, 0x00000000fa180000, 0x0000000100000000)
  eden space 207360K, 0% used [0x00000000ec000000,0x00000000ec000000,0x00000000f8a80000)
  from space 11776K, 27% used [0x00000000f9600000,0x00000000f992bec0,0x00000000fa180000)
  to   space 11776K, 0% used [0x00000000f8a80000,0x00000000f8a80000,0x00000000f9600000)
 ParOldGen       total 54784K, used 23838K [0x00000000c4000000, 0x00000000c7580000, 0x00000000ec000000)
  object space 54784K, 43% used [0x00000000c4000000,0x00000000c5747b38,0x00000000c7580000)
 Metaspace       used 35100K, capacity 36858K, committed 36992K, reserved 1081344K
  class space    used 4651K, capacity 4988K, committed 4992K, reserved 1048576K
}
Event: 444.269 GC heap before
{Heap before GC invocations=19 (full 5):
 PSYoungGen      total 219136K, used 3247K [0x00000000ec000000, 0x00000000fa180000, 0x0000000100000000)
  eden space 207360K, 0% used [0x00000000ec000000,0x00000000ec000000,0x00000000f8a80000)
  from space 11776K, 27% used [0x00000000f9600000,0x00000000f992bec0,0x00000000fa180000)
  to   space 11776K, 0% used [0x00000000f8a80000,0x00000000f8a80000,0x00000000f9600000)
 ParOldGen       total 54784K, used 23838K [0x00000000c4000000, 0x00000000c7580000, 0x00000000ec000000)
  object space 54784K, 43% used [0x00000000c4000000,0x00000000c5747b38,0x00000000c7580000)
 Metaspace       used 35100K, capacity 36858K, committed 36992K, reserved 1081344K
  class space    used 4651K, capacity 4988K, committed 4992K, reserved 1048576K
Event: 444.496 GC heap after
Heap after GC invocations=19 (full 5):
 PSYoungGen      total 219136K, used 0K [0x00000000ec000000, 0x00000000fa180000, 0x0000000100000000)
  eden space 207360K, 0% used [0x00000000ec000000,0x00000000ec000000,0x00000000f8a80000)
  from space 11776K, 0% used [0x00000000f9600000,0x00000000f9600000,0x00000000fa180000)
  to   space 11776K, 0% used [0x00000000f8a80000,0x00000000f8a80000,0x00000000f9600000)
 ParOldGen       total 54784K, used 22158K [0x00000000c4000000, 0x00000000c7580000, 0x00000000ec000000)
  object space 54784K, 40% used [0x00000000c4000000,0x00000000c55a3938,0x00000000c7580000)
 Metaspace       used 35100K, capacity 36858K, committed 36992K, reserved 1081344K
  class space    used 4651K, capacity 4988K, committed 4992K, reserved 1048576K
}
Event: 1280.624 GC heap before
{Heap before GC invocations=20 (full 5):
 PSYoungGen      total 219136K, used 207360K [0x00000000ec000000, 0x00000000fa180000, 0x0000000100000000)
  eden space 207360K, 100% used [0x00000000ec000000,0x00000000f8a80000,0x00000000f8a80000)
  from space 11776K, 0% used [0x00000000f9600000,0x00000000f9600000,0x00000000fa180000)
  to   space 11776K, 0% used [0x00000000f8a80000,0x00000000f8a80000,0x00000000f9600000)
 ParOldGen       total 54784K, used 22158K [0x00000000c4000000, 0x00000000c7580000, 0x00000000ec000000)
  object space 54784K, 40% used [0x00000000c4000000,0x00000000c55a3938,0x00000000c7580000)
 Metaspace       used 35258K, capacity 37094K, committed 37376K, reserved 1081344K
  class space    used 4670K, capacity 5019K, committed 5120K, reserved 1048576K

Deoptimization events (0 events):
No events

Internal exceptions (10 events):
Event: 444.978 Thread 0x00007f63c875e000 Exception <a 'java/lang/ArrayIndexOutOfBoundsException'> (0x00000000f2f14360) thrown at [/build/openjdk-8-qvKKlC/openjdk-8-8u141-b15/src/hotspot/src/share/vm/runtime/sharedRuntime.cpp, line 605]
Event: 444.979 Thread 0x00007f63c875e000 Exception <a 'java/lang/ArrayIndexOutOfBoundsException'> (0x00000000f2f17a70) thrown at [/build/openjdk-8-qvKKlC/openjdk-8-8u141-b15/src/hotspot/src/share/vm/runtime/sharedRuntime.cpp, line 605]
Event: 444.986 Thread 0x00007f63c875e000 Exception <a 'java/lang/ArrayIndexOutOfBoundsException'> (0x00000000f2feb850) thrown at [/build/openjdk-8-qvKKlC/openjdk-8-8u141-b15/src/hotspot/src/share/vm/runtime/sharedRuntime.cpp, line 605]
Event: 445.001 Thread 0x00007f63c875e000 Exception <a 'java/lang/ArrayIndexOutOfBoundsException'> (0x00000000f30f5a08) thrown at [/build/openjdk-8-qvKKlC/openjdk-8-8u141-b15/src/hotspot/src/share/vm/runtime/sharedRuntime.cpp, line 605]
Event: 445.003 Thread 0x00007f63c875e000 Exception <a 'java/lang/ArrayIndexOutOfBoundsException'> (0x00000000f314a440) thrown at [/build/openjdk-8-qvKKlC/openjdk-8-8u141-b15/src/hotspot/src/share/vm/runtime/sharedRuntime.cpp, line 605]
Event: 445.003 Thread 0x00007f63c875e000 Exception <a 'java/lang/ArrayIndexOutOfBoundsException'> (0x00000000f314cf30) thrown at [/build/openjdk-8-qvKKlC/openjdk-8-8u141-b15/src/hotspot/src/share/vm/runtime/sharedRuntime.cpp, line 605]
Event: 445.003 Thread 0x00007f63c875e000 Exception <a 'java/lang/ArrayIndexOutOfBoundsException'> (0x00000000f314ed60) thrown at [/build/openjdk-8-qvKKlC/openjdk-8-8u141-b15/src/hotspot/src/share/vm/runtime/sharedRuntime.cpp, line 605]
Event: 445.003 Thread 0x00007f63c875e000 Exception <a 'java/lang/ArrayIndexOutOfBoundsException'> (0x00000000f3150530) thrown at [/build/openjdk-8-qvKKlC/openjdk-8-8u141-b15/src/hotspot/src/share/vm/runtime/sharedRuntime.cpp, line 605]
Event: 445.007 Thread 0x00007f63c875e000 Exception <a 'java/lang/ArrayIndexOutOfBoundsException'> (0x00000000f3214550) thrown at [/build/openjdk-8-qvKKlC/openjdk-8-8u141-b15/src/hotspot/src/share/vm/runtime/sharedRuntime.cpp, line 605]
Event: 445.007 Thread 0x00007f63c875e000 Exception <a 'java/lang/ArrayIndexOutOfBoundsException'> (0x00000000f3215d18) thrown at [/build/openjdk-8-qvKKlC/openjdk-8-8u141-b15/src/hotspot/src/share/vm/runtime/sharedRuntime.cpp, line 605]

Events (10 events):
Event: 455.455 loading class groovy/text$TemplateEngine done
Event: 455.455 loading class org/apache/jasper/compiler/JspConfig
Event: 455.455 loading class org/apache/jasper/compiler/JspConfig done
Event: 455.455 loading class org/apache/jasper/compiler$JspConfig
Event: 455.455 loading class org/apache/jasper/compiler$JspConfig done
Event: 474.855 Executing VM operation: RevokeBias
Event: 474.855 Executing VM operation: RevokeBias done
Event: 515.535 Executing VM operation: RevokeBias
Event: 515.535 Executing VM operation: RevokeBias done
Event: 1280.622 Executing VM operation: ParallelGCFailedAllocation


Dynamic libraries:
c4000000-c7580000 rw-p 00000000 00:00 0 
c7580000-ec000000 ---p 00000000 00:00 0 
ec000000-fa180000 rw-p 00000000 00:00 0 
ff000000-100000000 ---p 00000000 00:00 0 
100000000-100500000 rw-p 00000000 00:00 0 
100500000-140000000 ---p 00000000 00:00 0 
55beece5b000-55beece5c000 r-xp 00000000 08:11 2244282                    /usr/lib/jvm/java-8-openjdk-amd64/jre/bin/java
55beed05b000-55beed05c000 r--p 00000000 08:11 2244282                    /usr/lib/jvm/java-8-openjdk-amd64/jre/bin/java
55beed05c000-55beed05d000 rw-p 00001000 08:11 2244282                    /usr/lib/jvm/java-8-openjdk-amd64/jre/bin/java
55beedfdd000-55beedffe000 rw-p 00000000 00:00 0                          [heap]
7f6370000000-7f6370079000 rw-p 00000000 00:00 0 
7f6370079000-7f6374000000 ---p 00000000 00:00 0 
7f6374000000-7f6374021000 rw-p 00000000 00:00 0 
7f6374021000-7f6378000000 ---p 00000000 00:00 0 
7f6378000000-7f6378090000 rw-p 00000000 00:00 0 
7f6378090000-7f637c000000 ---p 00000000 00:00 0 
7f637c000000-7f637c021000 rw-p 00000000 00:00 0 
7f637c021000-7f6380000000 ---p 00000000 00:00 0 
7f6380000000-7f6380021000 rw-p 00000000 00:00 0 
7f6380021000-7f6384000000 ---p 00000000 00:00 0 
7f6384000000-7f6384021000 rw-p 00000000 00:00 0 
7f6384021000-7f6388000000 ---p 00000000 00:00 0 
7f6388000000-7f6388021000 rw-p 00000000 00:00 0 
7f6388021000-7f638c000000 ---p 00000000 00:00 0 
7f638c000000-7f638c021000 rw-p 00000000 00:00 0 
7f638c021000-7f6390000000 ---p 00000000 00:00 0 
7f6390000000-7f6390021000 rw-p 00000000 00:00 0 
7f6390021000-7f6394000000 ---p 00000000 00:00 0 
7f6394000000-7f63940bd000 rw-p 00000000 00:00 0 
7f63940bd000-7f6398000000 ---p 00000000 00:00 0 
7f6398000000-7f6398021000 rw-p 00000000 00:00 0 
7f6398021000-7f639c000000 ---p 00000000 00:00 0 
7f639c000000-7f639c021000 rw-p 00000000 00:00 0 
7f639c021000-7f63a0000000 ---p 00000000 00:00 0 
7f63a0000000-7f63a0021000 rw-p 00000000 00:00 0 
7f63a0021000-7f63a4000000 ---p 00000000 00:00 0 
7f63a4000000-7f63a4021000 rw-p 00000000 00:00 0 
7f63a4021000-7f63a8000000 ---p 00000000 00:00 0 
7f63a8000000-7f63a80ab000 rw-p 00000000 00:00 0 
7f63a80ab000-7f63ac000000 ---p 00000000 00:00 0 
7f63ac000000-7f63ac021000 rw-p 00000000 00:00 0 
7f63ac021000-7f63b0000000 ---p 00000000 00:00 0 
7f63b0000000-7f63b0021000 rw-p 00000000 00:00 0 
7f63b0021000-7f63b4000000 ---p 00000000 00:00 0 
7f63b4000000-7f63b4278000 rw-p 00000000 00:00 0 
7f63b4278000-7f63b8000000 ---p 00000000 00:00 0 
7f63b8000000-7f63b8021000 rw-p 00000000 00:00 0 
7f63b8021000-7f63bc000000 ---p 00000000 00:00 0 
7f63bc000000-7f63bc03f000 rw-p 00000000 00:00 0 
7f63bc03f000-7f63c0000000 ---p 00000000 00:00 0 
7f63c0000000-7f63c00bc000 rw-p 00000000 00:00 0 
7f63c00bc000-7f63c4000000 ---p 00000000 00:00 0 
7f63c4000000-7f63c4021000 rw-p 00000000 00:00 0 
7f63c4021000-7f63c8000000 ---p 00000000 00:00 0 
7f63c8000000-7f63c8a21000 rw-p 00000000 00:00 0 
7f63c8a21000-7f63cc000000 ---p 00000000 00:00 0 
7f63cc000000-7f63cc2ae000 rw-p 00000000 00:00 0 
7f63cc2ae000-7f63d0000000 ---p 00000000 00:00 0 
7f63d0000000-7f63d0021000 rw-p 00000000 00:00 0 
7f63d0021000-7f63d4000000 ---p 00000000 00:00 0 
7f63d4000000-7f63d4021000 rw-p 00000000 00:00 0 
7f63d4021000-7f63d8000000 ---p 00000000 00:00 0 
7f63d8000000-7f63d8021000 rw-p 00000000 00:00 0 
7f63d8021000-7f63dc000000 ---p 00000000 00:00 0 
7f63dc000000-7f63dc021000 rw-p 00000000 00:00 0 
7f63dc021000-7f63e0000000 ---p 00000000 00:00 0 
7f63e0000000-7f63e0021000 rw-p 00000000 00:00 0 
7f63e0021000-7f63e4000000 ---p 00000000 00:00 0 
7f63e4000000-7f63e4021000 rw-p 00000000 00:00 0 
7f63e4021000-7f63e8000000 ---p 00000000 00:00 0 
7f63e8000000-7f63e8021000 rw-p 00000000 00:00 0 
7f63e8021000-7f63ec000000 ---p 00000000 00:00 0 
7f63ec000000-7f63ec736000 rw-p 00000000 00:00 0 
7f63ec736000-7f63f0000000 ---p 00000000 00:00 0 
7f63f0000000-7f63f0066000 rw-p 00000000 00:00 0 
7f63f0066000-7f63f4000000 ---p 00000000 00:00 0 
7f63f4000000-7f63f4021000 rw-p 00000000 00:00 0 
7f63f4021000-7f63f8000000 ---p 00000000 00:00 0 
7f63f8000000-7f63f8021000 rw-p 00000000 00:00 0 
7f63f8021000-7f63fc000000 ---p 00000000 00:00 0 
7f63fc000000-7f63fc021000 rw-p 00000000 00:00 0 
7f63fc021000-7f6400000000 ---p 00000000 00:00 0 
7f6400000000-7f6400278000 rw-p 00000000 00:00 0 
7f6400278000-7f6404000000 ---p 00000000 00:00 0 
7f6404000000-7f6404021000 rw-p 00000000 00:00 0 
7f6404021000-7f6408000000 ---p 00000000 00:00 0 
7f6408000000-7f6408021000 rw-p 00000000 00:00 0 
7f6408021000-7f640c000000 ---p 00000000 00:00 0 
7f640c000000-7f640c021000 rw-p 00000000 00:00 0 
7f640c021000-7f6410000000 ---p 00000000 00:00 0 
7f6410000000-7f6410021000 rw-p 00000000 00:00 0 
7f6410021000-7f6414000000 ---p 00000000 00:00 0 
7f6414000000-7f6414021000 rw-p 00000000 00:00 0 
7f6414021000-7f6418000000 ---p 00000000 00:00 0 
7f6418000000-7f6418021000 rw-p 00000000 00:00 0 
7f6418021000-7f641c000000 ---p 00000000 00:00 0 
7f641d9ea000-7f641d9ed000 ---p 00000000 00:00 0 
7f641d9ed000-7f641dc6b000 rw-p 00000000 00:00 0 
7f641dc6b000-7f641dceb000 ---p 00000000 00:00 0 
7f641dceb000-7f641dcee000 ---p 00000000 00:00 0 
7f641dcee000-7f641dfec000 rw-p 00000000 00:00 0 
7f641dfec000-7f641dfef000 ---p 00000000 00:00 0 
7f641dfef000-7f641e0ed000 rw-p 00000000 00:00 0 
7f641e0ed000-7f641e0f0000 ---p 00000000 00:00 0 
7f641e0f0000-7f641e1ee000 rw-p 00000000 00:00 0 
7f641e1ee000-7f641e1f1000 ---p 00000000 00:00 0 
7f641e1f1000-7f641e2ef000 rw-p 00000000 00:00 0 
7f641e2ef000-7f641e2f2000 ---p 00000000 00:00 0 
7f641e2f2000-7f641e3f0000 rw-p 00000000 00:00 0 
7f641e3f0000-7f641e3f3000 ---p 00000000 00:00 0 
7f641e3f3000-7f641e4f1000 rw-p 00000000 00:00 0 
7f641e4f1000-7f641e4f4000 ---p 00000000 00:00 0 
7f641e4f4000-7f641e5f2000 rw-p 00000000 00:00 0 
7f641e5f2000-7f641e5f5000 ---p 00000000 00:00 0 
7f641e5f5000-7f641e6f3000 rw-p 00000000 00:00 0 
7f641e6f3000-7f641e6f6000 ---p 00000000 00:00 0 
7f641e6f6000-7f641e7f4000 rw-p 00000000 00:00 0 
7f641e7f4000-7f641e7f7000 ---p 00000000 00:00 0 
7f641e7f7000-7f641e8f5000 rw-p 00000000 00:00 0 
7f641e8f5000-7f641e8f8000 ---p 00000000 00:00 0 
7f641e8f8000-7f641e9f6000 rw-p 00000000 00:00 0 
7f641e9f6000-7f641e9f9000 ---p 00000000 00:00 0 
7f641e9f9000-7f641eaf7000 rw-p 00000000 00:00 0 
7f641eaf7000-7f641eafa000 ---p 00000000 00:00 0 
7f641eafa000-7f641ebf8000 rw-p 00000000 00:00 0 
7f641ebf8000-7f641ebfb000 ---p 00000000 00:00 0 
7f641ebfb000-7f641ecf9000 rw-p 00000000 00:00 0 
7f641ecf9000-7f641ecfc000 ---p 00000000 00:00 0 
7f641ecfc000-7f641edfa000 rw-p 00000000 00:00 0 
7f641edfa000-7f641edfd000 ---p 00000000 00:00 0 
7f641edfd000-7f641eefb000 rw-p 00000000 00:00 0 
7f641eefb000-7f641eefe000 ---p 00000000 00:00 0 
7f641eefe000-7f641effc000 rw-p 00000000 00:00 0 
7f641effc000-7f641efff000 ---p 00000000 00:00 0 
7f641efff000-7f641f2fd000 rw-p 00000000 00:00 0 
7f641f2fd000-7f641f300000 ---p 00000000 00:00 0 
7f641f300000-7f641f3fe000 rw-p 00000000 00:00 0 
7f641f3fe000-7f641f401000 ---p 00000000 00:00 0 
7f641f401000-7f641f6ff000 rw-p 00000000 00:00 0 
7f641f6ff000-7f641f8ff000 rw-p 00000000 00:00 0 
7f641f8ff000-7f641faff000 rw-p 00000000 00:00 0 
7f641faff000-7f641fcff000 rw-p 00000000 00:00 0 
7f641fcff000-7f641fd02000 ---p 00000000 00:00 0 
7f641fd02000-7f6420000000 rw-p 00000000 00:00 0 
7f6420000000-7f6420021000 rw-p 00000000 00:00 0 
7f6420021000-7f6424000000 ---p 00000000 00:00 0 
7f6424061000-7f6424066000 r--s 002f9000 08:11 2244332                    /usr/lib/jvm/java-8-openjdk-amd64/jre/lib/charsets.jar
7f6424066000-7f6424266000 rw-p 00000000 00:00 0 
7f6424266000-7f6424466000 rw-p 00000000 00:00 0 
7f6424466000-7f6424666000 rw-p 00000000 00:00 0 
7f6424666000-7f6424669000 ---p 00000000 00:00 0 
7f6424669000-7f6424767000 rw-p 00000000 00:00 0 
7f6424767000-7f642476a000 ---p 00000000 00:00 0 
7f642476a000-7f6424868000 rw-p 00000000 00:00 0 
7f6424868000-7f642486b000 ---p 00000000 00:00 0 
7f642486b000-7f6424b69000 rw-p 00000000 00:00 0 
7f6424b69000-7f6424b70000 r--s 00000000 08:11 2492045                    /usr/lib/x86_64-linux-gnu/gconv/gconv-modules.cache
7f6424b70000-7f6424b92000 r--p 00000000 08:11 533203                     /usr/share/locale/zh_CN/LC_MESSAGES/libc.mo
7f6424b92000-7f6424b93000 ---p 00000000 00:00 0 
7f6424b93000-7f6424c93000 rw-p 00000000 00:00 0 
7f6424c93000-7f6424c96000 ---p 00000000 00:00 0 
7f6424c96000-7f6424d94000 rw-p 00000000 00:00 0 
7f6424d94000-7f6424d97000 ---p 00000000 00:00 0 
7f6424d97000-7f6424e95000 rw-p 00000000 00:00 0 
7f6424e95000-7f6424e98000 ---p 00000000 00:00 0 
7f6424e98000-7f6424f96000 rw-p 00000000 00:00 0 
7f6424f96000-7f6424f9b000 r--s 0009a000 08:11 2244365                    /usr/lib/jvm/java-8-openjdk-amd64/jre/lib/jsse.jar
7f6424f9b000-7f6424f9d000 r--s 00004000 08:11 2102469                    /home/statham/.m2/repository/org/springframework/spring-jcl/5.0.6.RELEASE/spring-jcl-5.0.6.RELEASE.jar
7f6424f9d000-7f6424fb5000 r--s 00114000 08:11 2102465                    /home/statham/.m2/repository/org/springframework/spring-core/5.0.6.RELEASE/spring-core-5.0.6.RELEASE.jar
7f6424fb5000-7f6424fbf000 r--s 000ec000 08:11 2103333                    /home/statham/.m2/repository/mysql/mysql-connector-java/5.1.46/mysql-connector-java-5.1.46.jar
7f6424fbf000-7f6424fc1000 r--s 0000a000 08:11 2103466                    /home/statham/.m2/repository/org/springframework/spring-aspects/5.0.6.RELEASE/spring-aspects-5.0.6.RELEASE.jar
7f6424fc1000-7f6424fc9000 r--s 00037000 08:11 2103464                    /home/statham/.m2/repository/org/springframework/spring-tx/5.0.6.RELEASE/spring-tx-5.0.6.RELEASE.jar
7f6424fc9000-7f6424fcd000 r--s 0002b000 08:11 2103462                    /home/statham/.m2/repository/org/springframework/spring-orm/5.0.6.RELEASE/spring-orm-5.0.6.RELEASE.jar
7f6424fcd000-7f6424fe4000 r--s 000f0000 08:11 2103460                    /home/statham/.m2/repository/org/springframework/data/spring-data-commons/2.0.7.RELEASE/spring-data-commons-2.0.7.RELEASE.jar
7f6424fe4000-7f6424feb000 r--s 0004b000 08:11 2103458                    /home/statham/.m2/repository/org/springframework/data/spring-data-jpa/2.0.7.RELEASE/spring-data-jpa-2.0.7.RELEASE.jar
7f6424feb000-7f6424fed000 r--s 00006000 08:11 2103456                    /home/statham/.m2/repository/javax/transaction/javax.transaction-api/1.2/javax.transaction-api-1.2.jar
7f6424fed000-7f6424ff0000 r--s 00010000 08:11 2103454                    /home/statham/.m2/repository/org/hibernate/common/hibernate-commons-annotations/5.0.1.Final/hibernate-commons-annotations-5.0.1.Final.jar
7f6424ff0000-7f6424ff5000 r--s 00048000 08:11 2501035                    /home/statham/.m2/repository/dom4j/dom4j/1.6.1/dom4j-1.6.1.jar
7f6424ff5000-7f6424fff000 r--s 000ab000 08:11 2103450                    /home/statham/.m2/repository/org/javassist/javassist/3.22.0-GA/javassist-3.22.0-GA.jar
7f6424fff000-7f6428000000 rw-p 00000000 00:00 0 
7f6428000000-7f6428021000 rw-p 00000000 00:00 0 
7f6428021000-7f642c000000 ---p 00000000 00:00 0 
7f642c001000-7f642c004000 r--s 0002b000 08:11 2103452                    /home/statham/.m2/repository/org/jboss/jandex/2.0.3.Final/jandex-2.0.3.Final.jar
7f642c004000-7f642c009000 r--s 00068000 08:11 2628300                    /home/statham/.m2/repository/antlr/antlr/2.7.7/antlr-2.7.7.jar
7f642c009000-7f642c00e000 r--s 00017000 08:11 2103448                    /home/statham/.m2/repository/org/hibernate/javax/persistence/hibernate-jpa-2.1-api/1.0.0.Final/hibernate-jpa-2.1-api-1.0.0.Final.jar
7f642c00e000-7f642c08c000 r--s 005f0000 08:11 2103446                    /home/statham/.m2/repository/org/hibernate/hibernate-core/5.2.17.Final/hibernate-core-5.2.17.Final.jar
7f642c08c000-7f642c095000 r--s 00059000 08:11 2103444                    /home/statham/.m2/repository/org/springframework/spring-jdbc/5.0.6.RELEASE/spring-jdbc-5.0.6.RELEASE.jar
7f642c095000-7f642c099000 r--s 00020000 08:11 2103442                    /home/statham/.m2/repository/com/zaxxer/HikariCP/2.7.9/HikariCP-2.7.9.jar
7f642c099000-7f642c09a000 r--s 00000000 08:11 2103440                    /home/statham/.m2/repository/org/springframework/boot/spring-boot-starter-jdbc/2.0.2.RELEASE/spring-boot-starter-jdbc-2.0.2.RELEASE.jar
7f642c09a000-7f642c0b3000 r--s 001bf000 08:11 2103438                    /home/statham/.m2/repository/org/aspectj/aspectjweaver/1.8.13/aspectjweaver-1.8.13.jar
7f642c0b3000-7f642c0b4000 r--s 00000000 08:11 2103436                    /home/statham/.m2/repository/org/springframework/boot/spring-boot-starter-aop/2.0.2.RELEASE/spring-boot-starter-aop-2.0.2.RELEASE.jar
7f642c0b4000-7f642c0b5000 r--s 00000000 08:11 2103434                    /home/statham/.m2/repository/org/springframework/boot/spring-boot-starter-data-jpa/2.0.2.RELEASE/spring-boot-starter-data-jpa-2.0.2.RELEASE.jar
7f642c0b5000-7f642c0d6000 r--s 000fb000 08:11 2102441                    /home/statham/.m2/repository/org/springframework/boot/spring-boot-autoconfigure/2.0.2.RELEASE/spring-boot-autoconfigure-2.0.2.RELEASE.jar
7f642c0d6000-7f642c0eb000 r--s 000ce000 08:11 2102371                    /home/statham/.m2/repository/org/springframework/boot/spring-boot/2.0.2.RELEASE/spring-boot-2.0.2.RELEASE.jar
7f642c0eb000-7f642c0f1000 r--s 0002d000 08:11 2103331                    /home/statham/.m2/repository/org/springframework/boot/spring-boot-devtools/2.0.2.RELEASE/spring-boot-devtools-2.0.2.RELEASE.jar
7f642c0f1000-7f642c0f6000 r--s 00040000 08:11 2102398                    /home/statham/.m2/repository/org/springframework/spring-expression/5.0.6.RELEASE/spring-expression-5.0.6.RELEASE.jar
7f642c0f6000-7f642c110000 r--s 000f1000 08:11 2102427                    /home/statham/.m2/repository/org/springframework/spring-context/5.0.6.RELEASE/spring-context-5.0.6.RELEASE.jar
7f642c110000-7f642c119000 r--s 00051000 08:11 2102430                    /home/statham/.m2/repository/org/springframework/spring-aop/5.0.6.RELEASE/spring-aop-5.0.6.RELEASE.jar
7f642c119000-7f642c128000 r--s 000b2000 08:11 2102416                    /home/statham/.m2/repository/org/springframework/spring-webmvc/5.0.6.RELEASE/spring-webmvc-5.0.6.RELEASE.jar
7f642c128000-7f642c134000 r--s 00096000 08:11 2102426                    /home/statham/.m2/repository/org/springframework/spring-beans/5.0.6.RELEASE/spring-beans-5.0.6.RELEASE.jar
7f642c134000-7f642c14e000 r--s 00119000 08:11 2102392                    /home/statham/.m2/repository/org/springframework/spring-web/5.0.6.RELEASE/spring-web-5.0.6.RELEASE.jar
7f642c14e000-7f642c150000 r--s 0000e000 08:11 2102420                    /home/statham/.m2/repository/com/fasterxml/classmate/1.3.4/classmate-1.3.4.jar
7f642c150000-7f642c152000 r--s 0000f000 08:11 2102417                    /home/statham/.m2/repository/org/jboss/logging/jboss-logging/3.3.2.Final/jboss-logging-3.3.2.Final.jar
7f642c152000-7f642c157000 r--s 00012000 08:11 2102415                    /home/statham/.m2/repository/javax/validation/validation-api/2.0.1.Final/validation-api-2.0.1.Final.jar
7f642c157000-7f642c174000 r--s 000f8000 08:11 2102414                    /home/statham/.m2/repository/org/hibernate/validator/hibernate-validator/6.0.9.Final/hibernate-validator-6.0.9.Final.jar
7f642c174000-7f642c179000 r--s 0003a000 08:11 2102410                    /home/statham/.m2/repository/org/apache/tomcat/embed/tomcat-embed-websocket/8.5.31/tomcat-embed-websocket-8.5.31.jar
7f642c179000-7f642c17d000 r--s 00037000 08:11 2102389                    /home/statham/.m2/repository/org/apache/tomcat/embed/tomcat-embed-el/8.5.31/tomcat-embed-el-8.5.31.jar
7f642c17d000-7f642c1a6000 r--s 002d0000 08:11 2102387                    /home/statham/.m2/repository/org/apache/tomcat/embed/tomcat-embed-core/8.5.31/tomcat-embed-core-8.5.31.jar
7f642c1a6000-7f642c1a7000 r--s 00000000 08:11 2102399                    /home/statham/.m2/repository/org/springframework/boot/spring-boot-starter-tomcat/2.0.2.RELEASE/spring-boot-starter-tomcat-2.0.2.RELEASE.jar
7f642c1a7000-7f642c1a9000 r--s 00001000 08:11 2102365                    /home/statham/.m2/repository/com/fasterxml/jackson/module/jackson-module-parameter-names/2.9.5/jackson-module-parameter-names-2.9.5.jar
7f642c1a9000-7f642c1ac000 r--s 00016000 08:11 2102406                    /home/statham/.m2/repository/com/fasterxml/jackson/datatype/jackson-datatype-jsr310/2.9.5/jackson-datatype-jsr310-2.9.5.jar
7f642c1ac000-7f642c1ae000 r--s 00007000 08:11 2102401                    /home/statham/.m2/repository/com/fasterxml/jackson/datatype/jackson-datatype-jdk8/2.9.5/jackson-datatype-jdk8-2.9.5.jar
7f642c1ae000-7f642c1b2000 r--s 0004b000 08:11 2102368                    /home/statham/.m2/repository/com/fasterxml/jackson/core/jackson-core/2.9.5/jackson-core-2.9.5.jar
7f642c1b2000-7f642c1b5000 r--s 0000e000 08:11 2102397                    /home/statham/.m2/repository/com/fasterxml/jackson/core/jackson-annotations/2.9.0/jackson-annotations-2.9.0.jar
7f642c1b5000-7f642c1c8000 r--s 00135000 08:11 2102396                    /home/statham/.m2/repository/com/fasterxml/jackson/core/jackson-databind/2.9.5/jackson-databind-2.9.5.jar
7f642c1c8000-7f642c1c9000 r--s 00000000 08:11 2102391                    /home/statham/.m2/repository/org/springframework/boot/spring-boot-starter-json/2.0.2.RELEASE/spring-boot-starter-json-2.0.2.RELEASE.jar
7f642c1c9000-7f642c1ca000 r--s 00000000 08:11 2102363                    /home/statham/.m2/repository/org/springframework/boot/spring-boot-starter-web/2.0.2.RELEASE/spring-boot-starter-web-2.0.2.RELEASE.jar
7f642c1ca000-7f642c1cc000 r--s 00009000 08:11 2102394                    /home/statham/.m2/repository/org/slf4j/slf4j-api/1.7.25/slf4j-api-1.7.25.jar
7f642c1cc000-7f642c1cf000 r--s 00026000 08:11 2103162                    /home/statham/.m2/repository/org/unbescape/unbescape/1.1.5.RELEASE/unbescape-1.1.5.RELEASE.jar
7f642c1cf000-7f642c1d3000 r--s 00035000 08:11 2103166                    /home/statham/.m2/repository/org/attoparser/attoparser/2.0.4.RELEASE/attoparser-2.0.4.RELEASE.jar
7f642c1d3000-7f642c1e3000 r--s 000c5000 08:11 2103168                    /home/statham/.m2/repository/org/thymeleaf/thymeleaf/3.0.9.RELEASE/thymeleaf-3.0.9.RELEASE.jar
7f642c1e3000-7f642c1e7000 r--s 00027000 08:11 2103164                    /home/statham/.m2/repository/org/thymeleaf/thymeleaf-spring5/3.0.9.RELEASE/thymeleaf-spring5-3.0.9.RELEASE.jar
7f642c1e7000-7f642c1ee000 r--s 00042000 08:11 2102390                    /home/statham/.m2/repository/org/yaml/snakeyaml/1.19/snakeyaml-1.19.jar
7f642c1ee000-7f642c1f4000 r--s 00039000 08:11 2102382                    /home/statham/.m2/repository/org/apache/logging/log4j/log4j-api/2.10.0/log4j-api-2.10.0.jar
7f642c1f4000-7f642c1ff000 r--s 00069000 08:11 2102377                    /home/statham/.m2/repository/ch/qos/logback/logback-core/1.2.3/logback-core-1.2.3.jar
7f642c1ff000-7f642c205000 r--s 00041000 08:11 2102373                    /home/statham/.m2/repository/ch/qos/logback/logback-classic/1.2.3/logback-classic-1.2.3.jar
7f642c205000-7f642c20f000 r--s 00116000 08:11 2244346                    /usr/lib/jvm/java-8-openjdk-amd64/jre/lib/ext/localedata.jar
7f642c20f000-7f642c22a000 r--s 00394000 08:11 2244342                    /usr/lib/jvm/java-8-openjdk-amd64/jre/lib/ext/cldrdata.jar
7f642c22a000-7f642c245000 r--s 001d6000 08:11 2244347                    /usr/lib/jvm/java-8-openjdk-amd64/jre/lib/ext/nashorn.jar
7f642c245000-7f642c256000 r-xp 00000000 08:11 2244321                    /usr/lib/jvm/java-8-openjdk-amd64/jre/lib/amd64/libnio.so
7f642c256000-7f642c456000 ---p 00011000 08:11 2244321                    /usr/lib/jvm/java-8-openjdk-amd64/jre/lib/amd64/libnio.so
7f642c456000-7f642c457000 r--p 00011000 08:11 2244321                    /usr/lib/jvm/java-8-openjdk-amd64/jre/lib/amd64/libnio.so
7f642c457000-7f642c458000 rw-p 00012000 08:11 2244321                    /usr/lib/jvm/java-8-openjdk-amd64/jre/lib/amd64/libnio.so
7f642c458000-7f642c46f000 r-xp 00000000 08:11 2244320                    /usr/lib/jvm/java-8-openjdk-amd64/jre/lib/amd64/libnet.so
7f642c46f000-7f642c66e000 ---p 00017000 08:11 2244320                    /usr/lib/jvm/java-8-openjdk-amd64/jre/lib/amd64/libnet.so
7f642c66e000-7f642c66f000 r--p 00016000 08:11 2244320                    /usr/lib/jvm/java-8-openjdk-amd64/jre/lib/amd64/libnet.so
7f642c66f000-7f642c670000 rw-p 00017000 08:11 2244320                    /usr/lib/jvm/java-8-openjdk-amd64/jre/lib/amd64/libnet.so
7f642c670000-7f642c679000 r-xp 00000000 08:11 2244318                    /usr/lib/jvm/java-8-openjdk-amd64/jre/lib/amd64/libmanagement.so
7f642c679000-7f642c878000 ---p 00009000 08:11 2244318                    /usr/lib/jvm/java-8-openjdk-amd64/jre/lib/amd64/libmanagement.so
7f642c878000-7f642c879000 r--p 00008000 08:11 2244318                    /usr/lib/jvm/java-8-openjdk-amd64/jre/lib/amd64/libmanagement.so
7f642c879000-7f642c87a000 rw-p 00009000 08:11 2244318                    /usr/lib/jvm/java-8-openjdk-amd64/jre/lib/amd64/libmanagement.so
7f642c87a000-7f642c87d000 ---p 00000000 00:00 0 
7f642c87d000-7f642c97b000 rw-p 00000000 00:00 0 
7f642c97b000-7f642c97e000 ---p 00000000 00:00 0 
7f642c97e000-7f642ca7c000 rw-p 00000000 00:00 0 
7f642ca7c000-7f642ca7f000 ---p 00000000 00:00 0 
7f642ca7f000-7f642cb7d000 rw-p 00000000 00:00 0 
7f642cb7d000-7f642cb80000 ---p 00000000 00:00 0 
7f642cb80000-7f642cc7e000 rw-p 00000000 00:00 0 
7f642cc7e000-7f642cc81000 ---p 00000000 00:00 0 
7f642cc81000-7f642cd7f000 rw-p 00000000 00:00 0 
7f642cd7f000-7f642cd82000 ---p 00000000 00:00 0 
7f642cd82000-7f642ce80000 rw-p 00000000 00:00 0 
7f642ce80000-7f642d1cf000 r--p 00000000 08:11 2234076                    /usr/lib/locale/locale-archive
7f642d1cf000-7f642d1d2000 ---p 00000000 00:00 0 
7f642d1d2000-7f642d2d0000 rw-p 00000000 00:00 0 
7f642d2d0000-7f642d2d3000 ---p 00000000 00:00 0 
7f642d2d3000-7f642d3d1000 rw-p 00000000 00:00 0 
7f642d3d1000-7f642d3d2000 ---p 00000000 00:00 0 
7f642d3d2000-7f6430000000 rw-p 00000000 00:00 0 
7f6430000000-7f6430021000 rw-p 00000000 00:00 0 
7f6430021000-7f6434000000 ---p 00000000 00:00 0 
7f6434000000-7f6434001000 r--s 00009000 08:11 2103170                    /home/statham/.m2/repository/org/thymeleaf/extras/thymeleaf-extras-java8time/3.0.1.RELEASE/thymeleaf-extras-java8time-3.0.1.RELEASE.jar
7f6434001000-7f6434003000 r--s 00005000 08:11 2102405                    /home/statham/.m2/repository/javax/annotation/javax.annotation-api/1.3.2/javax.annotation-api-1.3.2.jar
7f6434003000-7f6434e32000 rw-p 00000000 00:00 0 
7f6434e32000-7f6435000000 r--s 03c15000 08:11 2244371                    /usr/lib/jvm/java-8-openjdk-amd64/jre/lib/rt.jar
7f6435000000-7f64359f0000 rwxp 00000000 00:00 0 
7f64359f0000-7f6444000000 ---p 00000000 00:00 0 
7f6444000000-7f6444811000 rw-p 00000000 00:00 0 
7f6444811000-7f6448000000 ---p 00000000 00:00 0 
7f6448000000-7f6448002000 r--s 00000000 08:11 2102383                    /home/statham/.m2/repository/org/slf4j/jul-to-slf4j/1.7.25/jul-to-slf4j-1.7.25.jar
7f6448002000-7f6448004000 r--s 00003000 08:11 2102379                    /home/statham/.m2/repository/org/apache/logging/log4j/log4j-to-slf4j/2.10.0/log4j-to-slf4j-2.10.0.jar
7f6448004000-7f6448005000 r--s 00000000 08:11 2102372                    /home/statham/.m2/repository/org/springframework/boot/spring-boot-starter-logging/2.0.2.RELEASE/spring-boot-starter-logging-2.0.2.RELEASE.jar
7f6448005000-7f6448006000 r--s 00000000 08:11 2102395                    /home/statham/.m2/repository/org/springframework/boot/spring-boot-starter/2.0.2.RELEASE/spring-boot-starter-2.0.2.RELEASE.jar
7f6448006000-7f644800b000 r--s 0003b000 08:11 2244349                    /usr/lib/jvm/java-8-openjdk-amd64/jre/lib/ext/sunjce_provider.jar
7f644800b000-7f644800f000 r--s 00037000 08:11 2244350                    /usr/lib/jvm/java-8-openjdk-amd64/jre/lib/ext/sunpkcs11.jar
7f644800f000-7f6448b4c000 rw-p 00000000 00:00 0 
7f6448b4c000-7f6448b4d000 ---p 00000000 00:00 0 
7f6448b4d000-7f6448c4d000 rw-p 00000000 00:00 0 
7f6448c4d000-7f6448c4e000 ---p 00000000 00:00 0 
7f6448c4e000-7f6448d4e000 rw-p 00000000 00:00 0 
7f6448d4e000-7f6448d4f000 ---p 00000000 00:00 0 
7f6448d4f000-7f6448e4f000 rw-p 00000000 00:00 0 
7f6448e4f000-7f6448e50000 ---p 00000000 00:00 0 
7f6448e50000-7f6448f50000 rw-p 00000000 00:00 0 
7f6448f50000-7f6448f51000 ---p 00000000 00:00 0 
7f6448f51000-7f6449051000 rw-p 00000000 00:00 0 
7f6449051000-7f6449052000 ---p 00000000 00:00 0 
7f6449052000-7f6449152000 rw-p 00000000 00:00 0 
7f6449152000-7f6449153000 ---p 00000000 00:00 0 
7f6449153000-7f6449253000 rw-p 00000000 00:00 0 
7f6449253000-7f6449254000 ---p 00000000 00:00 0 
7f6449254000-7f644936f000 rw-p 00000000 00:00 0 
7f644936f000-7f6449494000 ---p 00000000 00:00 0 
7f6449494000-7f64494af000 rw-p 00000000 00:00 0 
7f64494af000-7f64495d4000 ---p 00000000 00:00 0 
7f64495d4000-7f6449645000 rw-p 00000000 00:00 0 
7f6449645000-7f6449674000 ---p 00000000 00:00 0 
7f6449674000-7f644969d000 rw-p 00000000 00:00 0 
7f644969d000-7f6449a35000 ---p 00000000 00:00 0 
7f6449a35000-7f6449a3d000 r-xp 00000000 08:11 2244328                    /usr/lib/jvm/java-8-openjdk-amd64/jre/lib/amd64/libzip.so
7f6449a3d000-7f6449c3c000 ---p 00008000 08:11 2244328                    /usr/lib/jvm/java-8-openjdk-amd64/jre/lib/amd64/libzip.so
7f6449c3c000-7f6449c3d000 r--p 00007000 08:11 2244328                    /usr/lib/jvm/java-8-openjdk-amd64/jre/lib/amd64/libzip.so
7f6449c3d000-7f6449c3e000 rw-p 00008000 08:11 2244328                    /usr/lib/jvm/java-8-openjdk-amd64/jre/lib/amd64/libzip.so
7f6449c3e000-7f6449c48000 r-xp 00000000 08:11 3147621                    /lib/x86_64-linux-gnu/libnss_files-2.24.so
7f6449c48000-7f6449e48000 ---p 0000a000 08:11 3147621                    /lib/x86_64-linux-gnu/libnss_files-2.24.so
7f6449e48000-7f6449e49000 r--p 0000a000 08:11 3147621                    /lib/x86_64-linux-gnu/libnss_files-2.24.so
7f6449e49000-7f6449e4a000 rw-p 0000b000 08:11 3147621                    /lib/x86_64-linux-gnu/libnss_files-2.24.so
7f6449e4a000-7f6449e50000 rw-p 00000000 00:00 0 
7f6449e50000-7f6449e5b000 r-xp 00000000 08:11 3147625                    /lib/x86_64-linux-gnu/libnss_nis-2.24.so
7f6449e5b000-7f644a05a000 ---p 0000b000 08:11 3147625                    /lib/x86_64-linux-gnu/libnss_nis-2.24.so
7f644a05a000-7f644a05b000 r--p 0000a000 08:11 3147625                    /lib/x86_64-linux-gnu/libnss_nis-2.24.so
7f644a05b000-7f644a05c000 rw-p 0000b000 08:11 3147625                    /lib/x86_64-linux-gnu/libnss_nis-2.24.so
7f644a05c000-7f644a070000 r-xp 00000000 08:11 3147615                    /lib/x86_64-linux-gnu/libnsl-2.24.so
7f644a070000-7f644a270000 ---p 00014000 08:11 3147615                    /lib/x86_64-linux-gnu/libnsl-2.24.so
7f644a270000-7f644a271000 r--p 00014000 08:11 3147615                    /lib/x86_64-linux-gnu/libnsl-2.24.so
7f644a271000-7f644a272000 rw-p 00015000 08:11 3147615                    /lib/x86_64-linux-gnu/libnsl-2.24.so
7f644a272000-7f644a274000 rw-p 00000000 00:00 0 
7f644a274000-7f644a27b000 r-xp 00000000 08:11 3147617                    /lib/x86_64-linux-gnu/libnss_compat-2.24.so
7f644a27b000-7f644a47a000 ---p 00007000 08:11 3147617                    /lib/x86_64-linux-gnu/libnss_compat-2.24.so
7f644a47a000-7f644a47b000 r--p 00006000 08:11 3147617                    /lib/x86_64-linux-gnu/libnss_compat-2.24.so
7f644a47b000-7f644a47c000 rw-p 00007000 08:11 3147617                    /lib/x86_64-linux-gnu/libnss_compat-2.24.so
7f644a47c000-7f644a4a9000 r-xp 00000000 08:11 2244309                    /usr/lib/jvm/java-8-openjdk-amd64/jre/lib/amd64/libjava.so
7f644a4a9000-7f644a6a8000 ---p 0002d000 08:11 2244309                    /usr/lib/jvm/java-8-openjdk-amd64/jre/lib/amd64/libjava.so
7f644a6a8000-7f644a6a9000 r--p 0002c000 08:11 2244309                    /usr/lib/jvm/java-8-openjdk-amd64/jre/lib/amd64/libjava.so
7f644a6a9000-7f644a6ab000 rw-p 0002d000 08:11 2244309                    /usr/lib/jvm/java-8-openjdk-amd64/jre/lib/amd64/libjava.so
7f644a6ab000-7f644a6ba000 r-xp 00000000 08:11 2244327                    /usr/lib/jvm/java-8-openjdk-amd64/jre/lib/amd64/libverify.so
7f644a6ba000-7f644a8ba000 ---p 0000f000 08:11 2244327                    /usr/lib/jvm/java-8-openjdk-amd64/jre/lib/amd64/libverify.so
7f644a8ba000-7f644a8bc000 r--p 0000f000 08:11 2244327                    /usr/lib/jvm/java-8-openjdk-amd64/jre/lib/amd64/libverify.so
7f644a8bc000-7f644a8bd000 rw-p 00011000 08:11 2244327                    /usr/lib/jvm/java-8-openjdk-amd64/jre/lib/amd64/libverify.so
7f644a8bd000-7f644a8c4000 r-xp 00000000 08:11 3147674                    /lib/x86_64-linux-gnu/librt-2.24.so
7f644a8c4000-7f644aac3000 ---p 00007000 08:11 3147674                    /lib/x86_64-linux-gnu/librt-2.24.so
7f644aac3000-7f644aac4000 r--p 00006000 08:11 3147674                    /lib/x86_64-linux-gnu/librt-2.24.so
7f644aac4000-7f644aac5000 rw-p 00007000 08:11 3147674                    /lib/x86_64-linux-gnu/librt-2.24.so
7f644aac5000-7f644aadb000 r-xp 00000000 08:11 3147566                    /lib/x86_64-linux-gnu/libgcc_s.so.1
7f644aadb000-7f644acda000 ---p 00016000 08:11 3147566                    /lib/x86_64-linux-gnu/libgcc_s.so.1
7f644acda000-7f644acdb000 r--p 00015000 08:11 3147566                    /lib/x86_64-linux-gnu/libgcc_s.so.1
7f644acdb000-7f644acdc000 rw-p 00016000 08:11 3147566                    /lib/x86_64-linux-gnu/libgcc_s.so.1
7f644acdc000-7f644addf000 r-xp 00000000 08:11 3147598                    /lib/x86_64-linux-gnu/libm-2.24.so
7f644addf000-7f644afde000 ---p 00103000 08:11 3147598                    /lib/x86_64-linux-gnu/libm-2.24.so
7f644afde000-7f644afdf000 r--p 00102000 08:11 3147598                    /lib/x86_64-linux-gnu/libm-2.24.so
7f644afdf000-7f644afe0000 rw-p 00103000 08:11 3147598                    /lib/x86_64-linux-gnu/libm-2.24.so
7f644afe0000-7f644b152000 r-xp 00000000 08:11 2362342                    /usr/lib/x86_64-linux-gnu/libstdc++.so.6.0.24
7f644b152000-7f644b352000 ---p 00172000 08:11 2362342                    /usr/lib/x86_64-linux-gnu/libstdc++.so.6.0.24
7f644b352000-7f644b35c000 r--p 00172000 08:11 2362342                    /usr/lib/x86_64-linux-gnu/libstdc++.so.6.0.24
7f644b35c000-7f644b35e000 rw-p 0017c000 08:11 2362342                    /usr/lib/x86_64-linux-gnu/libstdc++.so.6.0.24
7f644b35e000-7f644b361000 rw-p 00000000 00:00 0 
7f644b361000-7f644bfba000 r-xp 00000000 08:11 2244331                    /usr/lib/jvm/java-8-openjdk-amd64/jre/lib/amd64/server/libjvm.so
7f644bfba000-7f644c1ba000 ---p 00c59000 08:11 2244331                    /usr/lib/jvm/java-8-openjdk-amd64/jre/lib/amd64/server/libjvm.so
7f644c1ba000-7f644c24d000 r--p 00c59000 08:11 2244331                    /usr/lib/jvm/java-8-openjdk-amd64/jre/lib/amd64/server/libjvm.so
7f644c24d000-7f644c276000 rw-p 00cec000 08:11 2244331                    /usr/lib/jvm/java-8-openjdk-amd64/jre/lib/amd64/server/libjvm.so
7f644c276000-7f644c2a6000 rw-p 00000000 00:00 0 
7f644c2a6000-7f644c43b000 r-xp 00000000 08:11 3147529                    /lib/x86_64-linux-gnu/libc-2.24.so
7f644c43b000-7f644c63b000 ---p 00195000 08:11 3147529                    /lib/x86_64-linux-gnu/libc-2.24.so
7f644c63b000-7f644c63f000 r--p 00195000 08:11 3147529                    /lib/x86_64-linux-gnu/libc-2.24.so
7f644c63f000-7f644c641000 rw-p 00199000 08:11 3147529                    /lib/x86_64-linux-gnu/libc-2.24.so
7f644c641000-7f644c645000 rw-p 00000000 00:00 0 
7f644c645000-7f644c648000 r-xp 00000000 08:11 3147552                    /lib/x86_64-linux-gnu/libdl-2.24.so
7f644c648000-7f644c847000 ---p 00003000 08:11 3147552                    /lib/x86_64-linux-gnu/libdl-2.24.so
7f644c847000-7f644c848000 r--p 00002000 08:11 3147552                    /lib/x86_64-linux-gnu/libdl-2.24.so
7f644c848000-7f644c849000 rw-p 00003000 08:11 3147552                    /lib/x86_64-linux-gnu/libdl-2.24.so
7f644c849000-7f644c856000 r-xp 00000000 08:11 2244295                    /usr/lib/jvm/java-8-openjdk-amd64/jre/lib/amd64/jli/libjli.so
7f644c856000-7f644ca56000 ---p 0000d000 08:11 2244295                    /usr/lib/jvm/java-8-openjdk-amd64/jre/lib/amd64/jli/libjli.so
7f644ca56000-7f644ca57000 r--p 0000d000 08:11 2244295                    /usr/lib/jvm/java-8-openjdk-amd64/jre/lib/amd64/jli/libjli.so
7f644ca57000-7f644ca58000 rw-p 0000e000 08:11 2244295                    /usr/lib/jvm/java-8-openjdk-amd64/jre/lib/amd64/jli/libjli.so
7f644ca58000-7f644ca71000 r-xp 00000000 08:11 3147705                    /lib/x86_64-linux-gnu/libz.so.1.2.8
7f644ca71000-7f644cc70000 ---p 00019000 08:11 3147705                    /lib/x86_64-linux-gnu/libz.so.1.2.8
7f644cc70000-7f644cc71000 r--p 00018000 08:11 3147705                    /lib/x86_64-linux-gnu/libz.so.1.2.8
7f644cc71000-7f644cc72000 rw-p 00019000 08:11 3147705                    /lib/x86_64-linux-gnu/libz.so.1.2.8
7f644cc72000-7f644cc8a000 r-xp 00000000 08:11 3147664                    /lib/x86_64-linux-gnu/libpthread-2.24.so
7f644cc8a000-7f644ce89000 ---p 00018000 08:11 3147664                    /lib/x86_64-linux-gnu/libpthread-2.24.so
7f644ce89000-7f644ce8a000 r--p 00017000 08:11 3147664                    /lib/x86_64-linux-gnu/libpthread-2.24.so
7f644ce8a000-7f644ce8b000 rw-p 00018000 08:11 3147664                    /lib/x86_64-linux-gnu/libpthread-2.24.so
7f644ce8b000-7f644ce8f000 rw-p 00000000 00:00 0 
7f644ce8f000-7f644ceb2000 r-xp 00000000 08:11 3147499                    /lib/x86_64-linux-gnu/ld-2.24.so
7f644ceb2000-7f644ceb3000 r--s 00000000 08:11 2103160                    /home/statham/.m2/repository/org/springframework/boot/spring-boot-starter-thymeleaf/2.0.2.RELEASE/spring-boot-starter-thymeleaf-2.0.2.RELEASE.jar
7f644ceb3000-7f644ceb5000 r--s 00007000 08:11 426796                     /usr/share/java/java-atk-wrapper.jar
7f644ceb5000-7f644ceb8000 r--s 0000f000 08:11 2244344                    /usr/lib/jvm/java-8-openjdk-amd64/jre/lib/ext/icedtea-sound.jar
7f644ceb8000-7f644ceba000 r--s 00001000 08:11 2244343                    /usr/lib/jvm/java-8-openjdk-amd64/jre/lib/ext/dnsns.jar
7f644ceba000-7f644cebc000 r--s 00008000 08:11 2244348                    /usr/lib/jvm/java-8-openjdk-amd64/jre/lib/ext/sunec.jar
7f644cebc000-7f644cebd000 r--s 0000a000 08:11 2244345                    /usr/lib/jvm/java-8-openjdk-amd64/jre/lib/ext/jaccess.jar
7f644cebd000-7f644cf8e000 rw-p 00000000 00:00 0 
7f644cf8e000-7f644cf91000 ---p 00000000 00:00 0 
7f644cf91000-7f644d091000 rw-p 00000000 00:00 0 
7f644d091000-7f644d092000 r--s 00010000 08:11 2244351                    /usr/lib/jvm/java-8-openjdk-amd64/jre/lib/ext/zipfs.jar
7f644d092000-7f644d0a5000 rw-p 00000000 00:00 0 
7f644d0a5000-7f644d0ad000 rw-s 00000000 08:11 1573135                    /tmp/hsperfdata_statham/9630
7f644d0ad000-7f644d0ae000 rw-p 00000000 00:00 0 
7f644d0ae000-7f644d0af000 ---p 00000000 00:00 0 
7f644d0af000-7f644d0b2000 rw-p 00000000 00:00 0 
7f644d0b2000-7f644d0b3000 r--p 00023000 08:11 3147499                    /lib/x86_64-linux-gnu/ld-2.24.so
7f644d0b3000-7f644d0b4000 rw-p 00024000 08:11 3147499                    /lib/x86_64-linux-gnu/ld-2.24.so
7f644d0b4000-7f644d0b5000 rw-p 00000000 00:00 0 
7ffccf521000-7ffccf544000 rw-p 00000000 00:00 0                          [stack]
7ffccf5a7000-7ffccf5a9000 r--p 00000000 00:00 0                          [vvar]
7ffccf5a9000-7ffccf5ab000 r-xp 00000000 00:00 0                          [vdso]
ffffffffff600000-ffffffffff601000 r-xp 00000000 00:00 0                  [vsyscall]

VM Arguments:
jvm_args: -Dcom.sun.management.jmxremote -Dcom.sun.management.jmxremote.port=42983 -Dcom.sun.management.jmxremote.authenticate=false -Dcom.sun.management.jmxremote.ssl=false -Djava.rmi.server.hostname=localhost -Dspring.liveBeansView.mbeanDomain -Dspring.application.admin.enabled=true -Djava.security.egd=file:/dev/./urandom -Xverify:none -XX:TieredStopAtLevel=1 -Dfile.encoding=UTF-8 -Dawt.useSystemAAFontSettings=gasp 
java_command: com.example.demo.Demo1Application
java_class_path (initial): /home/statham/eclipse-workspace/demo-1/target/classes:/home/statham/.m2/repository/org/springframework/boot/spring-boot-starter-thymeleaf/2.0.2.RELEASE/spring-boot-starter-thymeleaf-2.0.2.RELEASE.jar:/home/statham/.m2/repository/org/springframework/boot/spring-boot-starter/2.0.2.RELEASE/spring-boot-starter-2.0.2.RELEASE.jar:/home/statham/.m2/repository/org/springframework/boot/spring-boot-starter-logging/2.0.2.RELEASE/spring-boot-starter-logging-2.0.2.RELEASE.jar:/home/statham/.m2/repository/ch/qos/logback/logback-classic/1.2.3/logback-classic-1.2.3.jar:/home/statham/.m2/repository/ch/qos/logback/logback-core/1.2.3/logback-core-1.2.3.jar:/home/statham/.m2/repository/org/apache/logging/log4j/log4j-to-slf4j/2.10.0/log4j-to-slf4j-2.10.0.jar:/home/statham/.m2/repository/org/apache/logging/log4j/log4j-api/2.10.0/log4j-api-2.10.0.jar:/home/statham/.m2/repository/org/slf4j/jul-to-slf4j/1.7.25/jul-to-slf4j-1.7.25.jar:/home/statham/.m2/repository/javax/annotation/javax.annotation-api/1.3.2/javax.annotation-api-1.3.2.jar:/home/statham/.m2/repository/org/yaml/snakeyaml/1.19/snakeyaml-1.19.jar:/home/statham/.m2/repository/org/thymeleaf/thymeleaf-spring5/3.0.9.RELEASE/thymeleaf-spring5-3.0.9.RELEASE.jar:/home/statham/.m2/repository/org/thymeleaf/thymeleaf/3.0.9.RELEASE/thymeleaf-3.0.9.RELEASE.jar:/home/statham/.m2/repository/org/attoparser/attoparser/2.0.4.RELEASE/attoparser-2.0.4.RELEASE.jar:/home/statham/.m2/repository/org/unbescape/unbescape/1.1.5.RELEASE/unbescape-1.1.5.RELEASE.jar:/home/statham/.m2/repository/org/slf4j/slf4j-api/1.7.25/slf4j-api-1.7.25.jar:/home/statham/.m2/repository/org/thymeleaf/extras/thymeleaf-extras-java8time/3.0.1.RELEASE/thymeleaf-extras-java8time-3.0.1.RELEASE.jar:/home/statham/.m2/repository/org/springframework/boot/spring-boot-starter-web/2.0.2.RELEASE/spring-boot-starter-web-2.0.2.RELEASE.jar:/home/statham/.m2/repository/org/springframework/boot/spring-boot-starter-json/2.0.2.RELEASE/spring-boot-starter-json-2.0.2.RE
Launcher Type: SUN_STANDARD

Environment Variables:
_JAVA_OPTIONS=  -Dawt.useSystemAAFontSettings=gasp
PATH=/usr/local/bin:/usr/bin:/bin:/usr/local/games:/usr/games:/sbin:/usr/sbin
SHELL=/bin/bash
DISPLAY=:0

Signal Handlers:
SIGSEGV: [libjvm.so+0xa6f4f0], sa_mask[0]=11111111011111111101111111111110, sa_flags=SA_RESTART|SA_SIGINFO
SIGBUS: [libjvm.so+0xa6f4f0], sa_mask[0]=11111111011111111101111111111110, sa_flags=SA_RESTART|SA_SIGINFO
SIGFPE: [libjvm.so+0x8b95e0], sa_mask[0]=11111111011111111101111111111110, sa_flags=SA_RESTART|SA_SIGINFO
SIGPIPE: [libjvm.so+0x8b95e0], sa_mask[0]=11111111011111111101111111111110, sa_flags=SA_RESTART|SA_SIGINFO
SIGXFSZ: [libjvm.so+0x8b95e0], sa_mask[0]=11111111011111111101111111111110, sa_flags=SA_RESTART|SA_SIGINFO
SIGILL: [libjvm.so+0x8b95e0], sa_mask[0]=11111111011111111101111111111110, sa_flags=SA_RESTART|SA_SIGINFO
SIGUSR1: SIG_DFL, sa_mask[0]=00000000000000000000000000000000, sa_flags=none
SIGUSR2: [libjvm.so+0x8b9490], sa_mask[0]=00100000000000000000000000000000, sa_flags=SA_RESTART|SA_SIGINFO
SIGHUP: SIG_IGN, sa_mask[0]=00000000000000000000000000000000, sa_flags=none
SIGINT: [libjvm.so+0x8b9940], sa_mask[0]=11111111011111111101111111111110, sa_flags=SA_RESTART|SA_SIGINFO
SIGTERM: [libjvm.so+0x8b9940], sa_mask[0]=11111111011111111101111111111110, sa_flags=SA_RESTART|SA_SIGINFO
SIGQUIT: [libjvm.so+0x8b9940], sa_mask[0]=11111111011111111101111111111110, sa_flags=SA_RESTART|SA_SIGINFO


---------------  S Y S T E M  ---------------

OS:DISTRIB_ID=Deepin
DISTRIB_RELEASE=15.5
DISTRIB_DESCRIPTION="Deepin 15.5 "
DISTRIB_CODENAME=unstable

uname:Linux 4.9.0-deepin13-amd64 #1 SMP PREEMPT Deepin 4.9.57-1 (2017-10-19) x86_64
libc:glibc 2.24 NPTL 2.24 
rlimit: STACK 8192k, CORE 0k, NPROC 15152, NOFILE 1048576, AS infinity
load average:0.28 0.41 0.52

/proc/meminfo:
MemTotal:        3926480 kB
MemFree:          111720 kB
MemAvailable:      42148 kB
Buffers:             620 kB
Cached:           629024 kB
SwapCached:            0 kB
Active:          3020516 kB
Inactive:         580020 kB
Active(anon):    2972224 kB
Inactive(anon):   556656 kB
Active(file):      48292 kB
Inactive(file):    23364 kB
Unevictable:          48 kB
Mlocked:              48 kB
SwapTotal:             0 kB
SwapFree:              0 kB
Dirty:               184 kB
Writeback:             0 kB
AnonPages:       2971304 kB
Mapped:           254860 kB
Shmem:            557748 kB
Slab:              75044 kB
SReclaimable:      27704 kB
SUnreclaim:        47340 kB
KernelStack:       12820 kB
PageTables:        49252 kB
NFS_Unstable:          0 kB
Bounce:                0 kB
WritebackTmp:          0 kB
CommitLimit:     1963240 kB
Committed_AS:    7936416 kB
VmallocTotal:   34359738367 kB
VmallocUsed:           0 kB
VmallocChunk:          0 kB
HardwareCorrupted:     0 kB
AnonHugePages:         0 kB
ShmemHugePages:        0 kB
ShmemPmdMapped:        0 kB
HugePages_Total:       0
HugePages_Free:        0
HugePages_Rsvd:        0
HugePages_Surp:        0
Hugepagesize:       2048 kB
DirectMap4k:      216372 kB
DirectMap2M:     3854336 kB
DirectMap1G:           0 kB


CPU:total 8 (initial active 8) (4 cores per cpu, 2 threads per core) family 6 model 60 stepping 3, cmov, cx8, fxsr, mmx, sse, sse2, sse3, ssse3, sse4.1, sse4.2, popcnt, avx, avx2, aes, clmul, erms, lzcnt, ht, tsc, tscinvbit, bmi1, bmi2

/proc/cpuinfo:
processor	: 0
vendor_id	: GenuineIntel
cpu family	: 6
model		: 60
model name	: Intel(R) Core(TM) i7-4710MQ CPU @ 2.50GHz
stepping	: 3
microcode	: 0x17
cpu MHz		: 2300.000
cache size	: 6144 KB
physical id	: 0
siblings	: 8
core id		: 0
cpu cores	: 4
apicid		: 0
initial apicid	: 0
fpu		: yes
fpu_exception	: yes
cpuid level	: 13
wp		: yes
flags		: fpu vme de pse tsc msr pae mce cx8 apic sep mtrr pge mca cmov pat pse36 clflush dts acpi mmx fxsr sse sse2 ss ht tm pbe syscall nx pdpe1gb rdtscp lm constant_tsc arch_perfmon pebs bts rep_good nopl xtopology nonstop_tsc aperfmperf eagerfpu pni pclmulqdq dtes64 monitor ds_cpl vmx est tm2 ssse3 sdbg fma cx16 xtpr pdcm pcid sse4_1 sse4_2 movbe popcnt tsc_deadline_timer aes xsave avx f16c rdrand lahf_lm abm epb tpr_shadow vnmi flexpriority ept vpid fsgsbase tsc_adjust bmi1 avx2 smep bmi2 erms invpcid xsaveopt dtherm ida arat pln pts
bugs		:
bogomips	: 4988.76
clflush size	: 64
cache_alignment	: 64
address sizes	: 39 bits physical, 48 bits virtual
power management:

processor	: 1
vendor_id	: GenuineIntel
cpu family	: 6
model		: 60
model name	: Intel(R) Core(TM) i7-4710MQ CPU @ 2.50GHz
stepping	: 3
microcode	: 0x17
cpu MHz		: 1200.000
cache size	: 6144 KB
physical id	: 0
siblings	: 8
core id		: 1
cpu cores	: 4
apicid		: 2
initial apicid	: 2
fpu		: yes
fpu_exception	: yes
cpuid level	: 13
wp		: yes
flags		: fpu vme de pse tsc msr pae mce cx8 apic sep mtrr pge mca cmov pat pse36 clflush dts acpi mmx fxsr sse sse2 ss ht tm pbe syscall nx pdpe1gb rdtscp lm constant_tsc arch_perfmon pebs bts rep_good nopl xtopology nonstop_tsc aperfmperf eagerfpu pni pclmulqdq dtes64 monitor ds_cpl vmx est tm2 ssse3 sdbg fma cx16 xtpr pdcm pcid sse4_1 sse4_2 movbe popcnt tsc_deadline_timer aes xsave avx f16c rdrand lahf_lm abm epb tpr_shadow vnmi flexpriority ept vpid fsgsbase tsc_adjust bmi1 avx2 smep bmi2 erms invpcid xsaveopt dtherm ida arat pln pts
bugs		:
bogomips	: 4988.76
clflush size	: 64
cache_alignment	: 64
address sizes	: 39 bits physical, 48 bits virtual
power management:

processor	: 2
vendor_id	: GenuineIntel
cpu family	: 6
model		: 60
model name	: Intel(R) Core(TM) i7-4710MQ CPU @ 2.50GHz
stepping	: 3
microcode	: 0x17
cpu MHz		: 900.000
cache size	: 6144 KB
physical id	: 0
siblings	: 8
core id		: 2
cpu cores	: 4
apicid		: 4
initial apicid	: 4
fpu		: yes
fpu_exception	: yes
cpuid level	: 13
wp		: yes
flags		: fpu vme de pse tsc msr pae mce cx8 apic sep mtrr pge mca cmov pat pse36 clflush dts acpi mmx fxsr sse sse2 ss ht tm pbe syscall nx pdpe1gb rdtscp lm constant_tsc arch_perfmon pebs bts rep_good nopl xtopology nonstop_tsc aperfmperf eagerfpu pni pclmulqdq dtes64 monitor ds_cpl vmx est tm2 ssse3 sdbg fma cx16 xtpr pdcm pcid sse4_1 sse4_2 movbe popcnt tsc_deadline_timer aes xsave avx f16c rdrand lahf_lm abm epb tpr_shadow vnmi flexpriority ept vpid fsgsbase tsc_adjust bmi1 avx2 smep bmi2 erms invpcid xsaveopt dtherm ida arat pln pts
bugs		:
bogomips	: 4988.76
clflush size	: 64
cache_alignment	: 64
address sizes	: 39 bits physical, 48 bits virtual
power management:

processor	: 3
vendor_id	: GenuineIntel
cpu family	: 6
model		: 60
model name	: Intel(R) Core(TM) i7-4710MQ CPU @ 2.50GHz
stepping	: 3
microcode	: 0x17
cpu MHz		: 1300.000
cache size	: 6144 KB
physical id	: 0
siblings	: 8
core id		: 3
cpu cores	: 4
apicid		: 6
initial apicid	: 6
fpu		: yes
fpu_exception	: yes
cpuid level	: 13
wp		: yes
flags		: fpu vme de pse tsc msr pae mce cx8 apic sep mtrr pge mca cmov pat pse36 clflush dts acpi mmx fxsr sse sse2 ss ht tm pbe syscall nx pdpe1gb rdtscp lm constant_tsc arch_perfmon pebs bts rep_good nopl xtopology nonstop_tsc aperfmperf eagerfpu pni pclmulqdq dtes64 monitor ds_cpl vmx est tm2 ssse3 sdbg fma cx16 xtpr pdcm pcid sse4_1 sse4_2 movbe popcnt tsc_deadline_timer aes xsave avx f16c rdrand lahf_lm abm epb tpr_shadow vnmi flexpriority ept vpid fsgsbase tsc_adjust bmi1 avx2 smep bmi2 erms invpcid xsaveopt dtherm ida arat pln pts
bugs		:
bogomips	: 4988.76
clflush size	: 64
cache_alignment	: 64
address sizes	: 39 bits physical, 48 bits virtual
power management:

processor	: 4
vendor_id	: GenuineIntel
cpu family	: 6
model		: 60
model name	: Intel(R) Core(TM) i7-4710MQ CPU @ 2.50GHz
stepping	: 3
microcode	: 0x17
cpu MHz		: 1900.000
cache size	: 6144 KB
physical id	: 0
siblings	: 8
core id		: 0
cpu cores	: 4
apicid		: 1
initial apicid	: 1
fpu		: yes
fpu_exception	: yes
cpuid level	: 13
wp		: yes
flags		: fpu vme de pse tsc msr pae mce cx8 apic sep mtrr pge mca cmov pat pse36 clflush dts acpi mmx fxsr sse sse2 ss ht tm pbe syscall nx pdpe1gb rdtscp lm constant_tsc arch_perfmon pebs bts rep_good nopl xtopology nonstop_tsc aperfmperf eagerfpu pni pclmulqdq dtes64 monitor ds_cpl vmx est tm2 ssse3 sdbg fma cx16 xtpr pdcm pcid sse4_1 sse4_2 movbe popcnt tsc_deadline_timer aes xsave avx f16c rdrand lahf_lm abm epb tpr_shadow vnmi flexpriority ept vpid fsgsbase tsc_adjust bmi1 avx2 smep bmi2 erms invpcid xsaveopt dtherm ida arat pln pts
bugs		:
bogomips	: 4988.76
clflush size	: 64
cache_alignment	: 64
address sizes	: 39 bits physical, 48 bits virtual
power management:

processor	: 5
vendor_id	: GenuineIntel
cpu family	: 6
model		: 60
model name	: Intel(R) Core(TM) i7-4710MQ CPU @ 2.50GHz
stepping	: 3
microcode	: 0x17
cpu MHz		: 1000.000
cache size	: 6144 KB
physical id	: 0
siblings	: 8
core id		: 1
cpu cores	: 4
apicid		: 3
initial apicid	: 3
fpu		: yes
fpu_exception	: yes
cpuid level	: 13
wp		: yes
flags		: fpu vme de pse tsc msr pae mce cx8 apic sep mtrr pge mca cmov pat pse36 clflush dts acpi mmx fxsr sse sse2 ss ht tm pbe syscall nx pdpe1gb rdtscp lm constant_tsc arch_perfmon pebs bts rep_good nopl xtopology nonstop_tsc aperfmperf eagerfpu pni pclmulqdq dtes64 monitor ds_cpl vmx est tm2 ssse3 sdbg fma cx16 xtpr pdcm pcid sse4_1 sse4_2 movbe popcnt tsc_deadline_timer aes xsave avx f16c rdrand lahf_lm abm epb tpr_shadow vnmi flexpriority ept vpid fsgsbase tsc_adjust bmi1 avx2 smep bmi2 erms invpcid xsaveopt dtherm ida arat pln pts
bugs		:
bogomips	: 4988.76
clflush size	: 64
cache_alignment	: 64
address sizes	: 39 bits physical, 48 bits virtual
power management:

processor	: 6
vendor_id	: GenuineIntel
cpu family	: 6
model		: 60
model name	: Intel(R) Core(TM) i7-4710MQ CPU @ 2.50GHz
stepping	: 3
microcode	: 0x17
cpu MHz		: 1000.000
cache size	: 6144 KB
physical id	: 0
siblings	: 8
core id		: 2
cpu cores	: 4
apicid		: 5
initial apicid	: 5
fpu		: yes
fpu_exception	: yes
cpuid level	: 13
wp		: yes
flags		: fpu vme de pse tsc msr pae mce cx8 apic sep mtrr pge mca cmov pat pse36 clflush dts acpi mmx fxsr sse sse2 ss ht tm pbe syscall nx pdpe1gb rdtscp lm constant_tsc arch_perfmon pebs bts rep_good nopl xtopology nonstop_tsc aperfmperf eagerfpu pni pclmulqdq dtes64 monitor ds_cpl vmx est tm2 ssse3 sdbg fma cx16 xtpr pdcm pcid sse4_1 sse4_2 movbe popcnt tsc_deadline_timer aes xsave avx f16c rdrand lahf_lm abm epb tpr_shadow vnmi flexpriority ept vpid fsgsbase tsc_adjust bmi1 avx2 smep bmi2 erms invpcid xsaveopt dtherm ida arat pln pts
bugs		:
bogomips	: 4988.76
clflush size	: 64
cache_alignment	: 64
address sizes	: 39 bits physical, 48 bits virtual
power management:

processor	: 7
vendor_id	: GenuineIntel
cpu family	: 6
model		: 60
model name	: Intel(R) Core(TM) i7-4710MQ CPU @ 2.50GHz
stepping	: 3
microcode	: 0x17
cpu MHz		: 1000.000
cache size	: 6144 KB
physical id	: 0
siblings	: 8
core id		: 3
cpu cores	: 4
apicid		: 7
initial apicid	: 7
fpu		: yes
fpu_exception	: yes
cpuid level	: 13
wp		: yes
flags		: fpu vme de pse tsc msr pae mce cx8 apic sep mtrr pge mca cmov pat pse36 clflush dts acpi mmx fxsr sse sse2 ss ht tm pbe syscall nx pdpe1gb rdtscp lm constant_tsc arch_perfmon pebs bts rep_good nopl xtopology nonstop_tsc aperfmperf eagerfpu pni pclmulqdq dtes64 monitor ds_cpl vmx est tm2 ssse3 sdbg fma cx16 xtpr pdcm pcid sse4_1 sse4_2 movbe popcnt tsc_deadline_timer aes xsave avx f16c rdrand lahf_lm abm epb tpr_shadow vnmi flexpriority ept vpid fsgsbase tsc_adjust bmi1 avx2 smep bmi2 erms invpcid xsaveopt dtherm ida arat pln pts
bugs		:
bogomips	: 4988.76
clflush size	: 64
cache_alignment	: 64
address sizes	: 39 bits physical, 48 bits virtual
power management:



Memory: 4k page, physical 3926480k(111720k free), swap 0k(0k free)

vm_info: OpenJDK 64-Bit Server VM (25.141-b15) for linux-amd64 JRE (1.8.0_141-8u141-b15-3-b15), built on Jul 25 2017 15:03:27 by "buildd" with gcc 6.4.0 20170704

time: Wed May 23 11:54:21 2018
elapsed time: 1280 seconds (0d 0h 21m 20s)

